Arguments: 
  /Users/didi/.nvm/versions/node/v14.19.2/bin/node /Users/didi/.nvm/versions/node/v14.19.2/bin/yarn add @babel/parse

PATH: 
  /Users/didi/.nvm/versions/node/v14.19.2/bin:/usr/local/bin:/usr/bin:/bin:/usr/sbin:/sbin:/usr/local/munki:/Users/didi/.nvm/versions/node/v14.19.2/bin

Yarn version: 
  1.22.19

Node version: 
  14.19.2

Platform: 
  darwin x64

Trace: 
  Error: http://npm.intra.xiaojukeji.com/@babel%2fparse: not_found
      at Request.params.callback [as _callback] (/Users/didi/.nvm/versions/node/v14.19.2/lib/node_modules/yarn/lib/cli.js:66145:18)
      at Request.self.callback (/Users/didi/.nvm/versions/node/v14.19.2/lib/node_modules/yarn/lib/cli.js:140890:22)
      at Request.emit (events.js:400:28)
      at Request.<anonymous> (/Users/didi/.nvm/versions/node/v14.19.2/lib/node_modules/yarn/lib/cli.js:141862:10)
      at Request.emit (events.js:400:28)
      at IncomingMessage.<anonymous> (/Users/didi/.nvm/versions/node/v14.19.2/lib/node_modules/yarn/lib/cli.js:141784:12)
      at Object.onceWrapper (events.js:519:28)
      at IncomingMessage.emit (events.js:412:35)
      at endReadableNT (internal/streams/readable.js:1333:12)
      at processTicksAndRejections (internal/process/task_queues.js:82:21)

npm manifest: 
  {
    "dependencies": {
      "@babel/core": "^7.18.9",
      "@babel/preset-env": "^7.18.9"
    }
  }

yarn manifest: 
  No manifest

Lockfile: 
  # THIS IS AN AUTOGENERATED FILE. DO NOT EDIT THIS FILE DIRECTLY.
  # yarn lockfile v1
  
  
  "@ampproject/remapping@^2.1.0":
    version "2.2.0"
    resolved "http://artifactory.intra.xiaojukeji.com/artifactory/api/npm/npm/@ampproject/remapping/-/remapping-2.2.0.tgz?dl=https%3A%2F%2Fregistry.npmmirror.com%2F%40ampproject%2Fremapping%2F-%2Fremapping-2.2.0.tgz#56c133824780de3174aed5ab6834f3026790154d"
    integrity sha1-VsEzgkeA3jF0rtWraDTzAmeQFU0=
    dependencies:
      "@jridgewell/gen-mapping" "^0.1.0"
      "@jridgewell/trace-mapping" "^0.3.9"
  
  "@babel/code-frame@^7.18.6":
    version "7.18.6"
    resolved "http://artifactory.intra.xiaojukeji.com/artifactory/api/npm/npm/@babel/code-frame/-/code-frame-7.18.6.tgz?dl=https%3A%2F%2Fregistry.npmmirror.com%2F%40babel%2Fcode-frame%2F-%2Fcode-frame-7.18.6.tgz#3b25d38c89600baa2dcc219edfa88a74eb2c427a"
    integrity sha1-OyXTjIlgC6otzCGe36iKdOssQno=
    dependencies:
      "@babel/highlight" "^7.18.6"
  
  "@babel/compat-data@^7.17.7", "@babel/compat-data@^7.18.8":
    version "7.18.8"
    resolved "http://artifactory.intra.xiaojukeji.com/artifactory/api/npm/npm/@babel/compat-data/-/compat-data-7.18.8.tgz?dl=https%3A%2F%2Fregistry.npmmirror.com%2F%40babel%2Fcompat-data%2F-%2Fcompat-data-7.18.8.tgz#2483f565faca607b8535590e84e7de323f27764d"
    integrity sha1-JIP1ZfrKYHuFNVkOhOfeMj8ndk0=
  
  "@babel/core@^7.18.9":
    version "7.18.9"
    resolved "http://artifactory.intra.xiaojukeji.com/artifactory/api/npm/npm/@babel/core/-/core-7.18.9.tgz?dl=https%3A%2F%2Fregistry.npmmirror.com%2F%40babel%2Fcore%2F-%2Fcore-7.18.9.tgz#805461f967c77ff46c74ca0460ccf4fe933ddd59"
    integrity sha1-gFRh+WfHf/RsdMoEYMz0/pM93Vk=
    dependencies:
      "@ampproject/remapping" "^2.1.0"
      "@babel/code-frame" "^7.18.6"
      "@babel/generator" "^7.18.9"
      "@babel/helper-compilation-targets" "^7.18.9"
      "@babel/helper-module-transforms" "^7.18.9"
      "@babel/helpers" "^7.18.9"
      "@babel/parser" "^7.18.9"
      "@babel/template" "^7.18.6"
      "@babel/traverse" "^7.18.9"
      "@babel/types" "^7.18.9"
      convert-source-map "^1.7.0"
      debug "^4.1.0"
      gensync "^1.0.0-beta.2"
      json5 "^2.2.1"
      semver "^6.3.0"
  
  "@babel/generator@^7.18.9":
    version "7.18.9"
    resolved "http://artifactory.intra.xiaojukeji.com/artifactory/api/npm/npm/@babel/generator/-/generator-7.18.9.tgz?dl=https%3A%2F%2Fregistry.npmmirror.com%2F%40babel%2Fgenerator%2F-%2Fgenerator-7.18.9.tgz#68337e9ea8044d6ddc690fb29acae39359cca0a5"
    integrity sha1-aDN+nqgETW3caQ+ymsrjk1nMoKU=
    dependencies:
      "@babel/types" "^7.18.9"
      "@jridgewell/gen-mapping" "^0.3.2"
      jsesc "^2.5.1"
  
  "@babel/helper-annotate-as-pure@^7.18.6":
    version "7.18.6"
    resolved "http://artifactory.intra.xiaojukeji.com/artifactory/api/npm/npm/@babel/helper-annotate-as-pure/-/helper-annotate-as-pure-7.18.6.tgz?dl=https%3A%2F%2Fregistry.npmmirror.com%2F%40babel%2Fhelper-annotate-as-pure%2F-%2Fhelper-annotate-as-pure-7.18.6.tgz#eaa49f6f80d5a33f9a5dd2276e6d6e451be0a6bb"
    integrity sha1-6qSfb4DVoz+aXdInbm1uRRvgprs=
    dependencies:
      "@babel/types" "^7.18.6"
  
  "@babel/helper-builder-binary-assignment-operator-visitor@^7.18.6":
    version "7.18.9"
    resolved "http://artifactory.intra.xiaojukeji.com/artifactory/api/npm/npm/@babel/helper-builder-binary-assignment-operator-visitor/-/helper-builder-binary-assignment-operator-visitor-7.18.9.tgz?dl=https%3A%2F%2Fregistry.npmmirror.com%2F%40babel%2Fhelper-builder-binary-assignment-operator-visitor%2F-%2Fhelper-builder-binary-assignment-operator-visitor-7.18.9.tgz#acd4edfd7a566d1d51ea975dff38fd52906981bb"
    integrity sha1-rNTt/XpWbR1R6pdd/zj9UpBpgbs=
    dependencies:
      "@babel/helper-explode-assignable-expression" "^7.18.6"
      "@babel/types" "^7.18.9"
  
  "@babel/helper-compilation-targets@^7.17.7", "@babel/helper-compilation-targets@^7.18.9":
    version "7.18.9"
    resolved "http://artifactory.intra.xiaojukeji.com/artifactory/api/npm/npm/@babel/helper-compilation-targets/-/helper-compilation-targets-7.18.9.tgz?dl=https%3A%2F%2Fregistry.npmmirror.com%2F%40babel%2Fhelper-compilation-targets%2F-%2Fhelper-compilation-targets-7.18.9.tgz#69e64f57b524cde3e5ff6cc5a9f4a387ee5563bf"
    integrity sha1-aeZPV7UkzePl/2zFqfSjh+5VY78=
    dependencies:
      "@babel/compat-data" "^7.18.8"
      "@babel/helper-validator-option" "^7.18.6"
      browserslist "^4.20.2"
      semver "^6.3.0"
  
  "@babel/helper-create-class-features-plugin@^7.18.6":
    version "7.18.9"
    resolved "http://artifactory.intra.xiaojukeji.com/artifactory/api/npm/npm/@babel/helper-create-class-features-plugin/-/helper-create-class-features-plugin-7.18.9.tgz?dl=https%3A%2F%2Fregistry.npmmirror.com%2F%40babel%2Fhelper-create-class-features-plugin%2F-%2Fhelper-create-class-features-plugin-7.18.9.tgz#d802ee16a64a9e824fcbf0a2ffc92f19d58550ce"
    integrity sha1-2ALuFqZKnoJPy/Ci/8kvGdWFUM4=
    dependencies:
      "@babel/helper-annotate-as-pure" "^7.18.6"
      "@babel/helper-environment-visitor" "^7.18.9"
      "@babel/helper-function-name" "^7.18.9"
      "@babel/helper-member-expression-to-functions" "^7.18.9"
      "@babel/helper-optimise-call-expression" "^7.18.6"
      "@babel/helper-replace-supers" "^7.18.9"
      "@babel/helper-split-export-declaration" "^7.18.6"
  
  "@babel/helper-create-regexp-features-plugin@^7.18.6":
    version "7.18.6"
    resolved "http://artifactory.intra.xiaojukeji.com/artifactory/api/npm/npm/@babel/helper-create-regexp-features-plugin/-/helper-create-regexp-features-plugin-7.18.6.tgz?dl=https%3A%2F%2Fregistry.npmmirror.com%2F%40babel%2Fhelper-create-regexp-features-plugin%2F-%2Fhelper-create-regexp-features-plugin-7.18.6.tgz#3e35f4e04acbbf25f1b3534a657610a000543d3c"
    integrity sha1-PjX04ErLvyXxs1NKZXYQoABUPTw=
    dependencies:
      "@babel/helper-annotate-as-pure" "^7.18.6"
      regexpu-core "^5.1.0"
  
  "@babel/helper-define-polyfill-provider@^0.3.1", "@babel/helper-define-polyfill-provider@^0.3.2":
    version "0.3.2"
    resolved "http://artifactory.intra.xiaojukeji.com/artifactory/api/npm/npm/@babel/helper-define-polyfill-provider/-/helper-define-polyfill-provider-0.3.2.tgz?dl=https%3A%2F%2Fregistry.npmmirror.com%2F%40babel%2Fhelper-define-polyfill-provider%2F-%2Fhelper-define-polyfill-provider-0.3.2.tgz#bd10d0aca18e8ce012755395b05a79f45eca5073"
    integrity sha1-vRDQrKGOjOASdVOVsFp59F7KUHM=
    dependencies:
      "@babel/helper-compilation-targets" "^7.17.7"
      "@babel/helper-plugin-utils" "^7.16.7"
      debug "^4.1.1"
      lodash.debounce "^4.0.8"
      resolve "^1.14.2"
      semver "^6.1.2"
  
  "@babel/helper-environment-visitor@^7.18.6", "@babel/helper-environment-visitor@^7.18.9":
    version "7.18.9"
    resolved "http://artifactory.intra.xiaojukeji.com/artifactory/api/npm/npm/@babel/helper-environment-visitor/-/helper-environment-visitor-7.18.9.tgz?dl=https%3A%2F%2Fregistry.npmmirror.com%2F%40babel%2Fhelper-environment-visitor%2F-%2Fhelper-environment-visitor-7.18.9.tgz#0c0cee9b35d2ca190478756865bb3528422f51be"
    integrity sha1-DAzumzXSyhkEeHVoZbs1KEIvUb4=
  
  "@babel/helper-explode-assignable-expression@^7.18.6":
    version "7.18.6"
    resolved "http://artifactory.intra.xiaojukeji.com/artifactory/api/npm/npm/@babel/helper-explode-assignable-expression/-/helper-explode-assignable-expression-7.18.6.tgz?dl=https%3A%2F%2Fregistry.npmmirror.com%2F%40babel%2Fhelper-explode-assignable-expression%2F-%2Fhelper-explode-assignable-expression-7.18.6.tgz#41f8228ef0a6f1a036b8dfdfec7ce94f9a6bc096"
    integrity sha1-QfgijvCm8aA2uN/f7HzpT5prwJY=
    dependencies:
      "@babel/types" "^7.18.6"
  
  "@babel/helper-function-name@^7.18.9":
    version "7.18.9"
    resolved "http://artifactory.intra.xiaojukeji.com/artifactory/api/npm/npm/@babel/helper-function-name/-/helper-function-name-7.18.9.tgz?dl=https%3A%2F%2Fregistry.npmmirror.com%2F%40babel%2Fhelper-function-name%2F-%2Fhelper-function-name-7.18.9.tgz#940e6084a55dee867d33b4e487da2676365e86b0"
    integrity sha1-lA5ghKVd7oZ9M7Tkh9omdjZehrA=
    dependencies:
      "@babel/template" "^7.18.6"
      "@babel/types" "^7.18.9"
  
  "@babel/helper-hoist-variables@^7.18.6":
    version "7.18.6"
    resolved "http://artifactory.intra.xiaojukeji.com/artifactory/api/npm/npm/@babel/helper-hoist-variables/-/helper-hoist-variables-7.18.6.tgz?dl=https%3A%2F%2Fregistry.npmmirror.com%2F%40babel%2Fhelper-hoist-variables%2F-%2Fhelper-hoist-variables-7.18.6.tgz#d4d2c8fb4baeaa5c68b99cc8245c56554f926678"
    integrity sha1-1NLI+0uuqlxouZzIJFxWVU+SZng=
    dependencies:
      "@babel/types" "^7.18.6"
  
  "@babel/helper-member-expression-to-functions@^7.18.9":
    version "7.18.9"
    resolved "http://artifactory.intra.xiaojukeji.com/artifactory/api/npm/npm/@babel/helper-member-expression-to-functions/-/helper-member-expression-to-functions-7.18.9.tgz?dl=https%3A%2F%2Fregistry.npmmirror.com%2F%40babel%2Fhelper-member-expression-to-functions%2F-%2Fhelper-member-expression-to-functions-7.18.9.tgz#1531661e8375af843ad37ac692c132841e2fd815"
    integrity sha1-FTFmHoN1r4Q603rGksEyhB4v2BU=
    dependencies:
      "@babel/types" "^7.18.9"
  
  "@babel/helper-module-imports@^7.18.6":
    version "7.18.6"
    resolved "http://artifactory.intra.xiaojukeji.com/artifactory/api/npm/npm/@babel/helper-module-imports/-/helper-module-imports-7.18.6.tgz?dl=https%3A%2F%2Fregistry.npmmirror.com%2F%40babel%2Fhelper-module-imports%2F-%2Fhelper-module-imports-7.18.6.tgz#1e3ebdbbd08aad1437b428c50204db13c5a3ca6e"
    integrity sha1-Hj69u9CKrRQ3tCjFAgTbE8Wjym4=
    dependencies:
      "@babel/types" "^7.18.6"
  
  "@babel/helper-module-transforms@^7.18.6", "@babel/helper-module-transforms@^7.18.9":
    version "7.18.9"
    resolved "http://artifactory.intra.xiaojukeji.com/artifactory/api/npm/npm/@babel/helper-module-transforms/-/helper-module-transforms-7.18.9.tgz?dl=https%3A%2F%2Fregistry.npmmirror.com%2F%40babel%2Fhelper-module-transforms%2F-%2Fhelper-module-transforms-7.18.9.tgz#5a1079c005135ed627442df31a42887e80fcb712"
    integrity sha1-WhB5wAUTXtYnRC3zGkKIfoD8txI=
    dependencies:
      "@babel/helper-environment-visitor" "^7.18.9"
      "@babel/helper-module-imports" "^7.18.6"
      "@babel/helper-simple-access" "^7.18.6"
      "@babel/helper-split-export-declaration" "^7.18.6"
      "@babel/helper-validator-identifier" "^7.18.6"
      "@babel/template" "^7.18.6"
      "@babel/traverse" "^7.18.9"
      "@babel/types" "^7.18.9"
  
  "@babel/helper-optimise-call-expression@^7.18.6":
    version "7.18.6"
    resolved "http://artifactory.intra.xiaojukeji.com/artifactory/api/npm/npm/@babel/helper-optimise-call-expression/-/helper-optimise-call-expression-7.18.6.tgz?dl=https%3A%2F%2Fregistry.npmmirror.com%2F%40babel%2Fhelper-optimise-call-expression%2F-%2Fhelper-optimise-call-expression-7.18.6.tgz#9369aa943ee7da47edab2cb4e838acf09d290ffe"
    integrity sha1-k2mqlD7n2kftqyy06Dis8J0pD/4=
    dependencies:
      "@babel/types" "^7.18.6"
  
  "@babel/helper-plugin-utils@^7.0.0", "@babel/helper-plugin-utils@^7.10.4", "@babel/helper-plugin-utils@^7.12.13", "@babel/helper-plugin-utils@^7.14.5", "@babel/helper-plugin-utils@^7.16.7", "@babel/helper-plugin-utils@^7.18.6", "@babel/helper-plugin-utils@^7.18.9", "@babel/helper-plugin-utils@^7.8.0", "@babel/helper-plugin-utils@^7.8.3":
    version "7.18.9"
    resolved "http://artifactory.intra.xiaojukeji.com/artifactory/api/npm/npm/@babel/helper-plugin-utils/-/helper-plugin-utils-7.18.9.tgz?dl=https%3A%2F%2Fregistry.npmmirror.com%2F%40babel%2Fhelper-plugin-utils%2F-%2Fhelper-plugin-utils-7.18.9.tgz#4b8aea3b069d8cb8a72cdfe28ddf5ceca695ef2f"
    integrity sha1-S4rqOwadjLinLN/ijd9c7KaV7y8=
  
  "@babel/helper-remap-async-to-generator@^7.18.6":
    version "7.18.9"
    resolved "http://artifactory.intra.xiaojukeji.com/artifactory/api/npm/npm/@babel/helper-remap-async-to-generator/-/helper-remap-async-to-generator-7.18.9.tgz?dl=https%3A%2F%2Fregistry.npmmirror.com%2F%40babel%2Fhelper-remap-async-to-generator%2F-%2Fhelper-remap-async-to-generator-7.18.9.tgz#997458a0e3357080e54e1d79ec347f8a8cd28519"
    integrity sha1-mXRYoOM1cIDlTh157DR/iozShRk=
    dependencies:
      "@babel/helper-annotate-as-pure" "^7.18.6"
      "@babel/helper-environment-visitor" "^7.18.9"
      "@babel/helper-wrap-function" "^7.18.9"
      "@babel/types" "^7.18.9"
  
  "@babel/helper-replace-supers@^7.18.6", "@babel/helper-replace-supers@^7.18.9":
    version "7.18.9"
    resolved "http://artifactory.intra.xiaojukeji.com/artifactory/api/npm/npm/@babel/helper-replace-supers/-/helper-replace-supers-7.18.9.tgz?dl=https%3A%2F%2Fregistry.npmmirror.com%2F%40babel%2Fhelper-replace-supers%2F-%2Fhelper-replace-supers-7.18.9.tgz#1092e002feca980fbbb0bd4d51b74a65c6a500e6"
    integrity sha1-EJLgAv7KmA+7sL1NUbdKZcalAOY=
    dependencies:
      "@babel/helper-environment-visitor" "^7.18.9"
      "@babel/helper-member-expression-to-functions" "^7.18.9"
      "@babel/helper-optimise-call-expression" "^7.18.6"
      "@babel/traverse" "^7.18.9"
      "@babel/types" "^7.18.9"
  
  "@babel/helper-simple-access@^7.18.6":
    version "7.18.6"
    resolved "http://artifactory.intra.xiaojukeji.com/artifactory/api/npm/npm/@babel/helper-simple-access/-/helper-simple-access-7.18.6.tgz?dl=https%3A%2F%2Fregistry.npmmirror.com%2F%40babel%2Fhelper-simple-access%2F-%2Fhelper-simple-access-7.18.6.tgz#d6d8f51f4ac2978068df934b569f08f29788c7ea"
    integrity sha1-1tj1H0rCl4Bo35NLVp8I8peIx+o=
    dependencies:
      "@babel/types" "^7.18.6"
  
  "@babel/helper-skip-transparent-expression-wrappers@^7.18.9":
    version "7.18.9"
    resolved "http://artifactory.intra.xiaojukeji.com/artifactory/api/npm/npm/@babel/helper-skip-transparent-expression-wrappers/-/helper-skip-transparent-expression-wrappers-7.18.9.tgz?dl=https%3A%2F%2Fregistry.npmmirror.com%2F%40babel%2Fhelper-skip-transparent-expression-wrappers%2F-%2Fhelper-skip-transparent-expression-wrappers-7.18.9.tgz#778d87b3a758d90b471e7b9918f34a9a02eb5818"
    integrity sha1-d42Hs6dY2QtHHnuZGPNKmgLrWBg=
    dependencies:
      "@babel/types" "^7.18.9"
  
  "@babel/helper-split-export-declaration@^7.18.6":
    version "7.18.6"
    resolved "http://artifactory.intra.xiaojukeji.com/artifactory/api/npm/npm/@babel/helper-split-export-declaration/-/helper-split-export-declaration-7.18.6.tgz?dl=https%3A%2F%2Fregistry.npmmirror.com%2F%40babel%2Fhelper-split-export-declaration%2F-%2Fhelper-split-export-declaration-7.18.6.tgz#7367949bc75b20c6d5a5d4a97bba2824ae8ef075"
    integrity sha1-c2eUm8dbIMbVpdSpe7ooJK6O8HU=
    dependencies:
      "@babel/types" "^7.18.6"
  
  "@babel/helper-validator-identifier@^7.18.6":
    version "7.18.6"
    resolved "http://artifactory.intra.xiaojukeji.com/artifactory/api/npm/npm/@babel/helper-validator-identifier/-/helper-validator-identifier-7.18.6.tgz?dl=https%3A%2F%2Fregistry.npmmirror.com%2F%40babel%2Fhelper-validator-identifier%2F-%2Fhelper-validator-identifier-7.18.6.tgz#9c97e30d31b2b8c72a1d08984f2ca9b574d7a076"
    integrity sha1-nJfjDTGyuMcqHQiYTyyptXTXoHY=
  
  "@babel/helper-validator-option@^7.18.6":
    version "7.18.6"
    resolved "http://artifactory.intra.xiaojukeji.com/artifactory/api/npm/npm/@babel/helper-validator-option/-/helper-validator-option-7.18.6.tgz?dl=https%3A%2F%2Fregistry.npmmirror.com%2F%40babel%2Fhelper-validator-option%2F-%2Fhelper-validator-option-7.18.6.tgz#bf0d2b5a509b1f336099e4ff36e1a63aa5db4db8"
    integrity sha1-vw0rWlCbHzNgmeT/NuGmOqXbTbg=
  
  "@babel/helper-wrap-function@^7.18.9":
    version "7.18.9"
    resolved "http://artifactory.intra.xiaojukeji.com/artifactory/api/npm/npm/@babel/helper-wrap-function/-/helper-wrap-function-7.18.9.tgz?dl=https%3A%2F%2Fregistry.npmmirror.com%2F%40babel%2Fhelper-wrap-function%2F-%2Fhelper-wrap-function-7.18.9.tgz#ae1feddc6ebbaa2fd79346b77821c3bd73a39646"
    integrity sha1-rh/t3G67qi/Xk0a3eCHDvXOjlkY=
    dependencies:
      "@babel/helper-function-name" "^7.18.9"
      "@babel/template" "^7.18.6"
      "@babel/traverse" "^7.18.9"
      "@babel/types" "^7.18.9"
  
  "@babel/helpers@^7.18.9":
    version "7.18.9"
    resolved "http://artifactory.intra.xiaojukeji.com/artifactory/api/npm/npm/@babel/helpers/-/helpers-7.18.9.tgz?dl=https%3A%2F%2Fregistry.npmmirror.com%2F%40babel%2Fhelpers%2F-%2Fhelpers-7.18.9.tgz#4bef3b893f253a1eced04516824ede94dcfe7ff9"
    integrity sha1-S+87iT8lOh7O0EUWgk7elNz+f/k=
    dependencies:
      "@babel/template" "^7.18.6"
      "@babel/traverse" "^7.18.9"
      "@babel/types" "^7.18.9"
  
  "@babel/highlight@^7.18.6":
    version "7.18.6"
    resolved "http://artifactory.intra.xiaojukeji.com/artifactory/api/npm/npm/@babel/highlight/-/highlight-7.18.6.tgz?dl=https%3A%2F%2Fregistry.npmmirror.com%2F%40babel%2Fhighlight%2F-%2Fhighlight-7.18.6.tgz#81158601e93e2563795adcbfbdf5d64be3f2ecdf"
    integrity sha1-gRWGAek+JWN5Wty/vfXWS+Py7N8=
    dependencies:
      "@babel/helper-validator-identifier" "^7.18.6"
      chalk "^2.0.0"
      js-tokens "^4.0.0"
  
  "@babel/parser@^7.18.6", "@babel/parser@^7.18.9":
    version "7.18.9"
    resolved "http://artifactory.intra.xiaojukeji.com/artifactory/api/npm/npm/@babel/parser/-/parser-7.18.9.tgz?dl=https%3A%2F%2Fregistry.npmmirror.com%2F%40babel%2Fparser%2F-%2Fparser-7.18.9.tgz#f2dde0c682ccc264a9a8595efd030a5cc8fd2539"
    integrity sha1-8t3gxoLMwmSpqFle/QMKXMj9JTk=
  
  "@babel/plugin-bugfix-safari-id-destructuring-collision-in-function-expression@^7.18.6":
    version "7.18.6"
    resolved "http://artifactory.intra.xiaojukeji.com/artifactory/api/npm/npm/@babel/plugin-bugfix-safari-id-destructuring-collision-in-function-expression/-/plugin-bugfix-safari-id-destructuring-collision-in-function-expression-7.18.6.tgz?dl=https%3A%2F%2Fregistry.npmmirror.com%2F%40babel%2Fplugin-bugfix-safari-id-destructuring-collision-in-function-expression%2F-%2Fplugin-bugfix-safari-id-destructuring-collision-in-function-expression-7.18.6.tgz#da5b8f9a580acdfbe53494dba45ea389fb09a4d2"
    integrity sha1-2luPmlgKzfvlNJTbpF6jifsJpNI=
    dependencies:
      "@babel/helper-plugin-utils" "^7.18.6"
  
  "@babel/plugin-bugfix-v8-spread-parameters-in-optional-chaining@^7.18.9":
    version "7.18.9"
    resolved "http://artifactory.intra.xiaojukeji.com/artifactory/api/npm/npm/@babel/plugin-bugfix-v8-spread-parameters-in-optional-chaining/-/plugin-bugfix-v8-spread-parameters-in-optional-chaining-7.18.9.tgz?dl=https%3A%2F%2Fregistry.npmmirror.com%2F%40babel%2Fplugin-bugfix-v8-spread-parameters-in-optional-chaining%2F-%2Fplugin-bugfix-v8-spread-parameters-in-optional-chaining-7.18.9.tgz#a11af19aa373d68d561f08e0a57242350ed0ec50"
    integrity sha1-oRrxmqNz1o1WHwjgpXJCNQ7Q7FA=
    dependencies:
      "@babel/helper-plugin-utils" "^7.18.9"
      "@babel/helper-skip-transparent-expression-wrappers" "^7.18.9"
      "@babel/plugin-proposal-optional-chaining" "^7.18.9"
  
  "@babel/plugin-proposal-async-generator-functions@^7.18.6":
    version "7.18.6"
    resolved "http://artifactory.intra.xiaojukeji.com/artifactory/api/npm/npm/@babel/plugin-proposal-async-generator-functions/-/plugin-proposal-async-generator-functions-7.18.6.tgz?dl=https%3A%2F%2Fregistry.npmmirror.com%2F%40babel%2Fplugin-proposal-async-generator-functions%2F-%2Fplugin-proposal-async-generator-functions-7.18.6.tgz#aedac81e6fc12bb643374656dd5f2605bf743d17"
    integrity sha1-rtrIHm/BK7ZDN0ZW3V8mBb90PRc=
    dependencies:
      "@babel/helper-environment-visitor" "^7.18.6"
      "@babel/helper-plugin-utils" "^7.18.6"
      "@babel/helper-remap-async-to-generator" "^7.18.6"
      "@babel/plugin-syntax-async-generators" "^7.8.4"
  
  "@babel/plugin-proposal-class-properties@^7.18.6":
    version "7.18.6"
    resolved "http://artifactory.intra.xiaojukeji.com/artifactory/api/npm/npm/@babel/plugin-proposal-class-properties/-/plugin-proposal-class-properties-7.18.6.tgz?dl=https%3A%2F%2Fregistry.npmmirror.com%2F%40babel%2Fplugin-proposal-class-properties%2F-%2Fplugin-proposal-class-properties-7.18.6.tgz#b110f59741895f7ec21a6fff696ec46265c446a3"
    integrity sha1-sRD1l0GJX37CGm//aW7EYmXERqM=
    dependencies:
      "@babel/helper-create-class-features-plugin" "^7.18.6"
      "@babel/helper-plugin-utils" "^7.18.6"
  
  "@babel/plugin-proposal-class-static-block@^7.18.6":
    version "7.18.6"
    resolved "http://artifactory.intra.xiaojukeji.com/artifactory/api/npm/npm/@babel/plugin-proposal-class-static-block/-/plugin-proposal-class-static-block-7.18.6.tgz?dl=https%3A%2F%2Fregistry.npmmirror.com%2F%40babel%2Fplugin-proposal-class-static-block%2F-%2Fplugin-proposal-class-static-block-7.18.6.tgz#8aa81d403ab72d3962fc06c26e222dacfc9b9020"
    integrity sha1-iqgdQDq3LTli/AbCbiItrPybkCA=
    dependencies:
      "@babel/helper-create-class-features-plugin" "^7.18.6"
      "@babel/helper-plugin-utils" "^7.18.6"
      "@babel/plugin-syntax-class-static-block" "^7.14.5"
  
  "@babel/plugin-proposal-dynamic-import@^7.18.6":
    version "7.18.6"
    resolved "http://artifactory.intra.xiaojukeji.com/artifactory/api/npm/npm/@babel/plugin-proposal-dynamic-import/-/plugin-proposal-dynamic-import-7.18.6.tgz?dl=https%3A%2F%2Fregistry.npmmirror.com%2F%40babel%2Fplugin-proposal-dynamic-import%2F-%2Fplugin-proposal-dynamic-import-7.18.6.tgz#72bcf8d408799f547d759298c3c27c7e7faa4d94"
    integrity sha1-crz41Ah5n1R9dZKYw8J8fn+qTZQ=
    dependencies:
      "@babel/helper-plugin-utils" "^7.18.6"
      "@babel/plugin-syntax-dynamic-import" "^7.8.3"
  
  "@babel/plugin-proposal-export-namespace-from@^7.18.9":
    version "7.18.9"
    resolved "http://artifactory.intra.xiaojukeji.com/artifactory/api/npm/npm/@babel/plugin-proposal-export-namespace-from/-/plugin-proposal-export-namespace-from-7.18.9.tgz?dl=https%3A%2F%2Fregistry.npmmirror.com%2F%40babel%2Fplugin-proposal-export-namespace-from%2F-%2Fplugin-proposal-export-namespace-from-7.18.9.tgz#5f7313ab348cdb19d590145f9247540e94761203"
    integrity sha1-X3MTqzSM2xnVkBRfkkdUDpR2EgM=
    dependencies:
      "@babel/helper-plugin-utils" "^7.18.9"
      "@babel/plugin-syntax-export-namespace-from" "^7.8.3"
  
  "@babel/plugin-proposal-json-strings@^7.18.6":
    version "7.18.6"
    resolved "http://artifactory.intra.xiaojukeji.com/artifactory/api/npm/npm/@babel/plugin-proposal-json-strings/-/plugin-proposal-json-strings-7.18.6.tgz?dl=https%3A%2F%2Fregistry.npmmirror.com%2F%40babel%2Fplugin-proposal-json-strings%2F-%2Fplugin-proposal-json-strings-7.18.6.tgz#7e8788c1811c393aff762817e7dbf1ebd0c05f0b"
    integrity sha1-foeIwYEcOTr/digX59vx69DAXws=
    dependencies:
      "@babel/helper-plugin-utils" "^7.18.6"
      "@babel/plugin-syntax-json-strings" "^7.8.3"
  
  "@babel/plugin-proposal-logical-assignment-operators@^7.18.9":
    version "7.18.9"
    resolved "http://artifactory.intra.xiaojukeji.com/artifactory/api/npm/npm/@babel/plugin-proposal-logical-assignment-operators/-/plugin-proposal-logical-assignment-operators-7.18.9.tgz?dl=https%3A%2F%2Fregistry.npmmirror.com%2F%40babel%2Fplugin-proposal-logical-assignment-operators%2F-%2Fplugin-proposal-logical-assignment-operators-7.18.9.tgz#8148cbb350483bf6220af06fa6db3690e14b2e23"
    integrity sha1-gUjLs1BIO/YiCvBvpts2kOFLLiM=
    dependencies:
      "@babel/helper-plugin-utils" "^7.18.9"
      "@babel/plugin-syntax-logical-assignment-operators" "^7.10.4"
  
  "@babel/plugin-proposal-nullish-coalescing-operator@^7.18.6":
    version "7.18.6"
    resolved "http://artifactory.intra.xiaojukeji.com/artifactory/api/npm/npm/@babel/plugin-proposal-nullish-coalescing-operator/-/plugin-proposal-nullish-coalescing-operator-7.18.6.tgz?dl=https%3A%2F%2Fregistry.npmmirror.com%2F%40babel%2Fplugin-proposal-nullish-coalescing-operator%2F-%2Fplugin-proposal-nullish-coalescing-operator-7.18.6.tgz#fdd940a99a740e577d6c753ab6fbb43fdb9467e1"
    integrity sha1-/dlAqZp0Dld9bHU6tvu0P9uUZ+E=
    dependencies:
      "@babel/helper-plugin-utils" "^7.18.6"
      "@babel/plugin-syntax-nullish-coalescing-operator" "^7.8.3"
  
  "@babel/plugin-proposal-numeric-separator@^7.18.6":
    version "7.18.6"
    resolved "http://artifactory.intra.xiaojukeji.com/artifactory/api/npm/npm/@babel/plugin-proposal-numeric-separator/-/plugin-proposal-numeric-separator-7.18.6.tgz?dl=https%3A%2F%2Fregistry.npmmirror.com%2F%40babel%2Fplugin-proposal-numeric-separator%2F-%2Fplugin-proposal-numeric-separator-7.18.6.tgz#899b14fbafe87f053d2c5ff05b36029c62e13c75"
    integrity sha1-iZsU+6/ofwU9LF/wWzYCnGLhPHU=
    dependencies:
      "@babel/helper-plugin-utils" "^7.18.6"
      "@babel/plugin-syntax-numeric-separator" "^7.10.4"
  
  "@babel/plugin-proposal-object-rest-spread@^7.18.9":
    version "7.18.9"
    resolved "http://artifactory.intra.xiaojukeji.com/artifactory/api/npm/npm/@babel/plugin-proposal-object-rest-spread/-/plugin-proposal-object-rest-spread-7.18.9.tgz?dl=https%3A%2F%2Fregistry.npmmirror.com%2F%40babel%2Fplugin-proposal-object-rest-spread%2F-%2Fplugin-proposal-object-rest-spread-7.18.9.tgz#f9434f6beb2c8cae9dfcf97d2a5941bbbf9ad4e7"
    integrity sha1-+UNPa+ssjK6d/Pl9KllBu7+a1Oc=
    dependencies:
      "@babel/compat-data" "^7.18.8"
      "@babel/helper-compilation-targets" "^7.18.9"
      "@babel/helper-plugin-utils" "^7.18.9"
      "@babel/plugin-syntax-object-rest-spread" "^7.8.3"
      "@babel/plugin-transform-parameters" "^7.18.8"
  
  "@babel/plugin-proposal-optional-catch-binding@^7.18.6":
    version "7.18.6"
    resolved "http://artifactory.intra.xiaojukeji.com/artifactory/api/npm/npm/@babel/plugin-proposal-optional-catch-binding/-/plugin-proposal-optional-catch-binding-7.18.6.tgz?dl=https%3A%2F%2Fregistry.npmmirror.com%2F%40babel%2Fplugin-proposal-optional-catch-binding%2F-%2Fplugin-proposal-optional-catch-binding-7.18.6.tgz#f9400d0e6a3ea93ba9ef70b09e72dd6da638a2cb"
    integrity sha1-+UANDmo+qTup73CwnnLdbaY4oss=
    dependencies:
      "@babel/helper-plugin-utils" "^7.18.6"
      "@babel/plugin-syntax-optional-catch-binding" "^7.8.3"
  
  "@babel/plugin-proposal-optional-chaining@^7.18.9":
    version "7.18.9"
    resolved "http://artifactory.intra.xiaojukeji.com/artifactory/api/npm/npm/@babel/plugin-proposal-optional-chaining/-/plugin-proposal-optional-chaining-7.18.9.tgz?dl=https%3A%2F%2Fregistry.npmmirror.com%2F%40babel%2Fplugin-proposal-optional-chaining%2F-%2Fplugin-proposal-optional-chaining-7.18.9.tgz#e8e8fe0723f2563960e4bf5e9690933691915993"
    integrity sha1-6Oj+ByPyVjlg5L9elpCTNpGRWZM=
    dependencies:
      "@babel/helper-plugin-utils" "^7.18.9"
      "@babel/helper-skip-transparent-expression-wrappers" "^7.18.9"
      "@babel/plugin-syntax-optional-chaining" "^7.8.3"
  
  "@babel/plugin-proposal-private-methods@^7.18.6":
    version "7.18.6"
    resolved "http://artifactory.intra.xiaojukeji.com/artifactory/api/npm/npm/@babel/plugin-proposal-private-methods/-/plugin-proposal-private-methods-7.18.6.tgz?dl=https%3A%2F%2Fregistry.npmmirror.com%2F%40babel%2Fplugin-proposal-private-methods%2F-%2Fplugin-proposal-private-methods-7.18.6.tgz#5209de7d213457548a98436fa2882f52f4be6bea"
    integrity sha1-UgnefSE0V1SKmENvoogvUvS+a+o=
    dependencies:
      "@babel/helper-create-class-features-plugin" "^7.18.6"
      "@babel/helper-plugin-utils" "^7.18.6"
  
  "@babel/plugin-proposal-private-property-in-object@^7.18.6":
    version "7.18.6"
    resolved "http://artifactory.intra.xiaojukeji.com/artifactory/api/npm/npm/@babel/plugin-proposal-private-property-in-object/-/plugin-proposal-private-property-in-object-7.18.6.tgz?dl=https%3A%2F%2Fregistry.npmmirror.com%2F%40babel%2Fplugin-proposal-private-property-in-object%2F-%2Fplugin-proposal-private-property-in-object-7.18.6.tgz#a64137b232f0aca3733a67eb1a144c192389c503"
    integrity sha1-pkE3sjLwrKNzOmfrGhRMGSOJxQM=
    dependencies:
      "@babel/helper-annotate-as-pure" "^7.18.6"
      "@babel/helper-create-class-features-plugin" "^7.18.6"
      "@babel/helper-plugin-utils" "^7.18.6"
      "@babel/plugin-syntax-private-property-in-object" "^7.14.5"
  
  "@babel/plugin-proposal-unicode-property-regex@^7.18.6", "@babel/plugin-proposal-unicode-property-regex@^7.4.4":
    version "7.18.6"
    resolved "http://artifactory.intra.xiaojukeji.com/artifactory/api/npm/npm/@babel/plugin-proposal-unicode-property-regex/-/plugin-proposal-unicode-property-regex-7.18.6.tgz?dl=https%3A%2F%2Fregistry.npmmirror.com%2F%40babel%2Fplugin-proposal-unicode-property-regex%2F-%2Fplugin-proposal-unicode-property-regex-7.18.6.tgz#af613d2cd5e643643b65cded64207b15c85cb78e"
    integrity sha1-r2E9LNXmQ2Q7Zc3tZCB7Fchct44=
    dependencies:
      "@babel/helper-create-regexp-features-plugin" "^7.18.6"
      "@babel/helper-plugin-utils" "^7.18.6"
  
  "@babel/plugin-syntax-async-generators@^7.8.4":
    version "7.8.4"
    resolved "http://artifactory.intra.xiaojukeji.com/artifactory/api/npm/npm/@babel/plugin-syntax-async-generators/-/plugin-syntax-async-generators-7.8.4.tgz?dl=https%3A%2F%2Fregistry.npmmirror.com%2F%40babel%2Fplugin-syntax-async-generators%2F-%2Fplugin-syntax-async-generators-7.8.4.tgz#a983fb1aeb2ec3f6ed042a210f640e90e786fe0d"
    integrity sha1-qYP7Gusuw/btBCohD2QOkOeG/g0=
    dependencies:
      "@babel/helper-plugin-utils" "^7.8.0"
  
  "@babel/plugin-syntax-class-properties@^7.12.13":
    version "7.12.13"
    resolved "http://artifactory.intra.xiaojukeji.com/artifactory/api/npm/npm/@babel/plugin-syntax-class-properties/-/plugin-syntax-class-properties-7.12.13.tgz?dl=https%3A%2F%2Fregistry.npmmirror.com%2F%40babel%2Fplugin-syntax-class-properties%2F-%2Fplugin-syntax-class-properties-7.12.13.tgz#b5c987274c4a3a82b89714796931a6b53544ae10"
    integrity sha1-tcmHJ0xKOoK4lxR5aTGmtTVErhA=
    dependencies:
      "@babel/helper-plugin-utils" "^7.12.13"
  
  "@babel/plugin-syntax-class-static-block@^7.14.5":
    version "7.14.5"
    resolved "http://artifactory.intra.xiaojukeji.com/artifactory/api/npm/npm/@babel/plugin-syntax-class-static-block/-/plugin-syntax-class-static-block-7.14.5.tgz?dl=https%3A%2F%2Fregistry.npmmirror.com%2F%40babel%2Fplugin-syntax-class-static-block%2F-%2Fplugin-syntax-class-static-block-7.14.5.tgz#195df89b146b4b78b3bf897fd7a257c84659d406"
    integrity sha1-GV34mxRrS3izv4l/16JXyEZZ1AY=
    dependencies:
      "@babel/helper-plugin-utils" "^7.14.5"
  
  "@babel/plugin-syntax-dynamic-import@^7.8.3":
    version "7.8.3"
    resolved "http://artifactory.intra.xiaojukeji.com/artifactory/api/npm/npm/@babel/plugin-syntax-dynamic-import/-/plugin-syntax-dynamic-import-7.8.3.tgz?dl=https%3A%2F%2Fregistry.npmmirror.com%2F%40babel%2Fplugin-syntax-dynamic-import%2F-%2Fplugin-syntax-dynamic-import-7.8.3.tgz#62bf98b2da3cd21d626154fc96ee5b3cb68eacb3"
    integrity sha1-Yr+Ysto80h1iYVT8lu5bPLaOrLM=
    dependencies:
      "@babel/helper-plugin-utils" "^7.8.0"
  
  "@babel/plugin-syntax-export-namespace-from@^7.8.3":
    version "7.8.3"
    resolved "http://artifactory.intra.xiaojukeji.com/artifactory/api/npm/npm/@babel/plugin-syntax-export-namespace-from/-/plugin-syntax-export-namespace-from-7.8.3.tgz?dl=https%3A%2F%2Fregistry.npmmirror.com%2F%40babel%2Fplugin-syntax-export-namespace-from%2F-%2Fplugin-syntax-export-namespace-from-7.8.3.tgz#028964a9ba80dbc094c915c487ad7c4e7a66465a"
    integrity sha1-AolkqbqA28CUyRXEh618TnpmRlo=
    dependencies:
      "@babel/helper-plugin-utils" "^7.8.3"
  
  "@babel/plugin-syntax-import-assertions@^7.18.6":
    version "7.18.6"
    resolved "http://artifactory.intra.xiaojukeji.com/artifactory/api/npm/npm/@babel/plugin-syntax-import-assertions/-/plugin-syntax-import-assertions-7.18.6.tgz?dl=https%3A%2F%2Fregistry.npmmirror.com%2F%40babel%2Fplugin-syntax-import-assertions%2F-%2Fplugin-syntax-import-assertions-7.18.6.tgz#cd6190500a4fa2fe31990a963ffab4b63e4505e4"
    integrity sha1-zWGQUApPov4xmQqWP/q0tj5FBeQ=
    dependencies:
      "@babel/helper-plugin-utils" "^7.18.6"
  
  "@babel/plugin-syntax-json-strings@^7.8.3":
    version "7.8.3"
    resolved "http://artifactory.intra.xiaojukeji.com/artifactory/api/npm/npm/@babel/plugin-syntax-json-strings/-/plugin-syntax-json-strings-7.8.3.tgz?dl=https%3A%2F%2Fregistry.npmmirror.com%2F%40babel%2Fplugin-syntax-json-strings%2F-%2Fplugin-syntax-json-strings-7.8.3.tgz#01ca21b668cd8218c9e640cb6dd88c5412b2c96a"
    integrity sha1-AcohtmjNghjJ5kDLbdiMVBKyyWo=
    dependencies:
      "@babel/helper-plugin-utils" "^7.8.0"
  
  "@babel/plugin-syntax-logical-assignment-operators@^7.10.4":
    version "7.10.4"
    resolved "http://artifactory.intra.xiaojukeji.com/artifactory/api/npm/npm/@babel/plugin-syntax-logical-assignment-operators/-/plugin-syntax-logical-assignment-operators-7.10.4.tgz?dl=https%3A%2F%2Fregistry.npmmirror.com%2F%40babel%2Fplugin-syntax-logical-assignment-operators%2F-%2Fplugin-syntax-logical-assignment-operators-7.10.4.tgz#ca91ef46303530448b906652bac2e9fe9941f699"
    integrity sha1-ypHvRjA1MESLkGZSusLp/plB9pk=
    dependencies:
      "@babel/helper-plugin-utils" "^7.10.4"
  
  "@babel/plugin-syntax-nullish-coalescing-operator@^7.8.3":
    version "7.8.3"
    resolved "http://artifactory.intra.xiaojukeji.com/artifactory/api/npm/npm/@babel/plugin-syntax-nullish-coalescing-operator/-/plugin-syntax-nullish-coalescing-operator-7.8.3.tgz?dl=https%3A%2F%2Fregistry.npmmirror.com%2F%40babel%2Fplugin-syntax-nullish-coalescing-operator%2F-%2Fplugin-syntax-nullish-coalescing-operator-7.8.3.tgz#167ed70368886081f74b5c36c65a88c03b66d1a9"
    integrity sha1-Fn7XA2iIYIH3S1w2xlqIwDtm0ak=
    dependencies:
      "@babel/helper-plugin-utils" "^7.8.0"
  
  "@babel/plugin-syntax-numeric-separator@^7.10.4":
    version "7.10.4"
    resolved "http://artifactory.intra.xiaojukeji.com/artifactory/api/npm/npm/@babel/plugin-syntax-numeric-separator/-/plugin-syntax-numeric-separator-7.10.4.tgz?dl=https%3A%2F%2Fregistry.npmmirror.com%2F%40babel%2Fplugin-syntax-numeric-separator%2F-%2Fplugin-syntax-numeric-separator-7.10.4.tgz#b9b070b3e33570cd9fd07ba7fa91c0dd37b9af97"
    integrity sha1-ubBws+M1cM2f0Hun+pHA3Te5r5c=
    dependencies:
      "@babel/helper-plugin-utils" "^7.10.4"
  
  "@babel/plugin-syntax-object-rest-spread@^7.8.3":
    version "7.8.3"
    resolved "http://artifactory.intra.xiaojukeji.com/artifactory/api/npm/npm/@babel/plugin-syntax-object-rest-spread/-/plugin-syntax-object-rest-spread-7.8.3.tgz?dl=https%3A%2F%2Fregistry.npmmirror.com%2F%40babel%2Fplugin-syntax-object-rest-spread%2F-%2Fplugin-syntax-object-rest-spread-7.8.3.tgz#60e225edcbd98a640332a2e72dd3e66f1af55871"
    integrity sha1-YOIl7cvZimQDMqLnLdPmbxr1WHE=
    dependencies:
      "@babel/helper-plugin-utils" "^7.8.0"
  
  "@babel/plugin-syntax-optional-catch-binding@^7.8.3":
    version "7.8.3"
    resolved "http://artifactory.intra.xiaojukeji.com/artifactory/api/npm/npm/@babel/plugin-syntax-optional-catch-binding/-/plugin-syntax-optional-catch-binding-7.8.3.tgz?dl=https%3A%2F%2Fregistry.npmmirror.com%2F%40babel%2Fplugin-syntax-optional-catch-binding%2F-%2Fplugin-syntax-optional-catch-binding-7.8.3.tgz#6111a265bcfb020eb9efd0fdfd7d26402b9ed6c1"
    integrity sha1-YRGiZbz7Ag6579D9/X0mQCue1sE=
    dependencies:
      "@babel/helper-plugin-utils" "^7.8.0"
  
  "@babel/plugin-syntax-optional-chaining@^7.8.3":
    version "7.8.3"
    resolved "http://artifactory.intra.xiaojukeji.com/artifactory/api/npm/npm/@babel/plugin-syntax-optional-chaining/-/plugin-syntax-optional-chaining-7.8.3.tgz?dl=https%3A%2F%2Fregistry.npmmirror.com%2F%40babel%2Fplugin-syntax-optional-chaining%2F-%2Fplugin-syntax-optional-chaining-7.8.3.tgz#4f69c2ab95167e0180cd5336613f8c5788f7d48a"
    integrity sha1-T2nCq5UWfgGAzVM2YT+MV4j31Io=
    dependencies:
      "@babel/helper-plugin-utils" "^7.8.0"
  
  "@babel/plugin-syntax-private-property-in-object@^7.14.5":
    version "7.14.5"
    resolved "http://artifactory.intra.xiaojukeji.com/artifactory/api/npm/npm/@babel/plugin-syntax-private-property-in-object/-/plugin-syntax-private-property-in-object-7.14.5.tgz?dl=https%3A%2F%2Fregistry.npmmirror.com%2F%40babel%2Fplugin-syntax-private-property-in-object%2F-%2Fplugin-syntax-private-property-in-object-7.14.5.tgz#0dc6671ec0ea22b6e94a1114f857970cd39de1ad"
    integrity sha1-DcZnHsDqIrbpShEU+FeXDNOd4a0=
    dependencies:
      "@babel/helper-plugin-utils" "^7.14.5"
  
  "@babel/plugin-syntax-top-level-await@^7.14.5":
    version "7.14.5"
    resolved "http://artifactory.intra.xiaojukeji.com/artifactory/api/npm/npm/@babel/plugin-syntax-top-level-await/-/plugin-syntax-top-level-await-7.14.5.tgz?dl=https%3A%2F%2Fregistry.npmmirror.com%2F%40babel%2Fplugin-syntax-top-level-await%2F-%2Fplugin-syntax-top-level-await-7.14.5.tgz#c1cfdadc35a646240001f06138247b741c34d94c"
    integrity sha1-wc/a3DWmRiQAAfBhOCR7dBw02Uw=
    dependencies:
      "@babel/helper-plugin-utils" "^7.14.5"
  
  "@babel/plugin-transform-arrow-functions@^7.18.6":
    version "7.18.6"
    resolved "http://artifactory.intra.xiaojukeji.com/artifactory/api/npm/npm/@babel/plugin-transform-arrow-functions/-/plugin-transform-arrow-functions-7.18.6.tgz?dl=https%3A%2F%2Fregistry.npmmirror.com%2F%40babel%2Fplugin-transform-arrow-functions%2F-%2Fplugin-transform-arrow-functions-7.18.6.tgz#19063fcf8771ec7b31d742339dac62433d0611fe"
    integrity sha1-GQY/z4dx7Hsx10IznaxiQz0GEf4=
    dependencies:
      "@babel/helper-plugin-utils" "^7.18.6"
  
  "@babel/plugin-transform-async-to-generator@^7.18.6":
    version "7.18.6"
    resolved "http://artifactory.intra.xiaojukeji.com/artifactory/api/npm/npm/@babel/plugin-transform-async-to-generator/-/plugin-transform-async-to-generator-7.18.6.tgz?dl=https%3A%2F%2Fregistry.npmmirror.com%2F%40babel%2Fplugin-transform-async-to-generator%2F-%2Fplugin-transform-async-to-generator-7.18.6.tgz#ccda3d1ab9d5ced5265fdb13f1882d5476c71615"
    integrity sha1-zNo9GrnVztUmX9sT8YgtVHbHFhU=
    dependencies:
      "@babel/helper-module-imports" "^7.18.6"
      "@babel/helper-plugin-utils" "^7.18.6"
      "@babel/helper-remap-async-to-generator" "^7.18.6"
  
  "@babel/plugin-transform-block-scoped-functions@^7.18.6":
    version "7.18.6"
    resolved "http://artifactory.intra.xiaojukeji.com/artifactory/api/npm/npm/@babel/plugin-transform-block-scoped-functions/-/plugin-transform-block-scoped-functions-7.18.6.tgz?dl=https%3A%2F%2Fregistry.npmmirror.com%2F%40babel%2Fplugin-transform-block-scoped-functions%2F-%2Fplugin-transform-block-scoped-functions-7.18.6.tgz#9187bf4ba302635b9d70d986ad70f038726216a8"
    integrity sha1-kYe/S6MCY1udcNmGrXDwOHJiFqg=
    dependencies:
      "@babel/helper-plugin-utils" "^7.18.6"
  
  "@babel/plugin-transform-block-scoping@^7.18.9":
    version "7.18.9"
    resolved "http://artifactory.intra.xiaojukeji.com/artifactory/api/npm/npm/@babel/plugin-transform-block-scoping/-/plugin-transform-block-scoping-7.18.9.tgz?dl=https%3A%2F%2Fregistry.npmmirror.com%2F%40babel%2Fplugin-transform-block-scoping%2F-%2Fplugin-transform-block-scoping-7.18.9.tgz#f9b7e018ac3f373c81452d6ada8bd5a18928926d"
    integrity sha1-+bfgGKw/NzyBRS1q2ovVoYkokm0=
    dependencies:
      "@babel/helper-plugin-utils" "^7.18.9"
  
  "@babel/plugin-transform-classes@^7.18.9":
    version "7.18.9"
    resolved "http://artifactory.intra.xiaojukeji.com/artifactory/api/npm/npm/@babel/plugin-transform-classes/-/plugin-transform-classes-7.18.9.tgz?dl=https%3A%2F%2Fregistry.npmmirror.com%2F%40babel%2Fplugin-transform-classes%2F-%2Fplugin-transform-classes-7.18.9.tgz#90818efc5b9746879b869d5ce83eb2aa48bbc3da"
    integrity sha1-kIGO/FuXRoebhp1c6D6yqki7w9o=
    dependencies:
      "@babel/helper-annotate-as-pure" "^7.18.6"
      "@babel/helper-environment-visitor" "^7.18.9"
      "@babel/helper-function-name" "^7.18.9"
      "@babel/helper-optimise-call-expression" "^7.18.6"
      "@babel/helper-plugin-utils" "^7.18.9"
      "@babel/helper-replace-supers" "^7.18.9"
      "@babel/helper-split-export-declaration" "^7.18.6"
      globals "^11.1.0"
  
  "@babel/plugin-transform-computed-properties@^7.18.9":
    version "7.18.9"
    resolved "http://artifactory.intra.xiaojukeji.com/artifactory/api/npm/npm/@babel/plugin-transform-computed-properties/-/plugin-transform-computed-properties-7.18.9.tgz?dl=https%3A%2F%2Fregistry.npmmirror.com%2F%40babel%2Fplugin-transform-computed-properties%2F-%2Fplugin-transform-computed-properties-7.18.9.tgz#2357a8224d402dad623caf6259b611e56aec746e"
    integrity sha1-I1eoIk1ALa1iPK9iWbYR5WrsdG4=
    dependencies:
      "@babel/helper-plugin-utils" "^7.18.9"
  
  "@babel/plugin-transform-destructuring@^7.18.9":
    version "7.18.9"
    resolved "http://artifactory.intra.xiaojukeji.com/artifactory/api/npm/npm/@babel/plugin-transform-destructuring/-/plugin-transform-destructuring-7.18.9.tgz?dl=https%3A%2F%2Fregistry.npmmirror.com%2F%40babel%2Fplugin-transform-destructuring%2F-%2Fplugin-transform-destructuring-7.18.9.tgz#68906549c021cb231bee1db21d3b5b095f8ee292"
    integrity sha1-aJBlScAhyyMb7h2yHTtbCV+O4pI=
    dependencies:
      "@babel/helper-plugin-utils" "^7.18.9"
  
  "@babel/plugin-transform-dotall-regex@^7.18.6", "@babel/plugin-transform-dotall-regex@^7.4.4":
    version "7.18.6"
    resolved "http://artifactory.intra.xiaojukeji.com/artifactory/api/npm/npm/@babel/plugin-transform-dotall-regex/-/plugin-transform-dotall-regex-7.18.6.tgz?dl=https%3A%2F%2Fregistry.npmmirror.com%2F%40babel%2Fplugin-transform-dotall-regex%2F-%2Fplugin-transform-dotall-regex-7.18.6.tgz#b286b3e7aae6c7b861e45bed0a2fafd6b1a4fef8"
    integrity sha1-soaz56rmx7hh5FvtCi+v1rGk/vg=
    dependencies:
      "@babel/helper-create-regexp-features-plugin" "^7.18.6"
      "@babel/helper-plugin-utils" "^7.18.6"
  
  "@babel/plugin-transform-duplicate-keys@^7.18.9":
    version "7.18.9"
    resolved "http://artifactory.intra.xiaojukeji.com/artifactory/api/npm/npm/@babel/plugin-transform-duplicate-keys/-/plugin-transform-duplicate-keys-7.18.9.tgz?dl=https%3A%2F%2Fregistry.npmmirror.com%2F%40babel%2Fplugin-transform-duplicate-keys%2F-%2Fplugin-transform-duplicate-keys-7.18.9.tgz#687f15ee3cdad6d85191eb2a372c4528eaa0ae0e"
    integrity sha1-aH8V7jza1thRkesqNyxFKOqgrg4=
    dependencies:
      "@babel/helper-plugin-utils" "^7.18.9"
  
  "@babel/plugin-transform-exponentiation-operator@^7.18.6":
    version "7.18.6"
    resolved "http://artifactory.intra.xiaojukeji.com/artifactory/api/npm/npm/@babel/plugin-transform-exponentiation-operator/-/plugin-transform-exponentiation-operator-7.18.6.tgz?dl=https%3A%2F%2Fregistry.npmmirror.com%2F%40babel%2Fplugin-transform-exponentiation-operator%2F-%2Fplugin-transform-exponentiation-operator-7.18.6.tgz#421c705f4521888c65e91fdd1af951bfefd4dacd"
    integrity sha1-QhxwX0UhiIxl6R/dGvlRv+/U2s0=
    dependencies:
      "@babel/helper-builder-binary-assignment-operator-visitor" "^7.18.6"
      "@babel/helper-plugin-utils" "^7.18.6"
  
  "@babel/plugin-transform-for-of@^7.18.8":
    version "7.18.8"
    resolved "http://artifactory.intra.xiaojukeji.com/artifactory/api/npm/npm/@babel/plugin-transform-for-of/-/plugin-transform-for-of-7.18.8.tgz?dl=https%3A%2F%2Fregistry.npmmirror.com%2F%40babel%2Fplugin-transform-for-of%2F-%2Fplugin-transform-for-of-7.18.8.tgz#6ef8a50b244eb6a0bdbad0c7c61877e4e30097c1"
    integrity sha1-bvilCyROtqC9utDHxhh35OMAl8E=
    dependencies:
      "@babel/helper-plugin-utils" "^7.18.6"
  
  "@babel/plugin-transform-function-name@^7.18.9":
    version "7.18.9"
    resolved "http://artifactory.intra.xiaojukeji.com/artifactory/api/npm/npm/@babel/plugin-transform-function-name/-/plugin-transform-function-name-7.18.9.tgz?dl=https%3A%2F%2Fregistry.npmmirror.com%2F%40babel%2Fplugin-transform-function-name%2F-%2Fplugin-transform-function-name-7.18.9.tgz#cc354f8234e62968946c61a46d6365440fc764e0"
    integrity sha1-zDVPgjTmKWiUbGGkbWNlRA/HZOA=
    dependencies:
      "@babel/helper-compilation-targets" "^7.18.9"
      "@babel/helper-function-name" "^7.18.9"
      "@babel/helper-plugin-utils" "^7.18.9"
  
  "@babel/plugin-transform-literals@^7.18.9":
    version "7.18.9"
    resolved "http://artifactory.intra.xiaojukeji.com/artifactory/api/npm/npm/@babel/plugin-transform-literals/-/plugin-transform-literals-7.18.9.tgz?dl=https%3A%2F%2Fregistry.npmmirror.com%2F%40babel%2Fplugin-transform-literals%2F-%2Fplugin-transform-literals-7.18.9.tgz#72796fdbef80e56fba3c6a699d54f0de557444bc"
    integrity sha1-cnlv2++A5W+6PGppnVTw3lV0RLw=
    dependencies:
      "@babel/helper-plugin-utils" "^7.18.9"
  
  "@babel/plugin-transform-member-expression-literals@^7.18.6":
    version "7.18.6"
    resolved "http://artifactory.intra.xiaojukeji.com/artifactory/api/npm/npm/@babel/plugin-transform-member-expression-literals/-/plugin-transform-member-expression-literals-7.18.6.tgz?dl=https%3A%2F%2Fregistry.npmmirror.com%2F%40babel%2Fplugin-transform-member-expression-literals%2F-%2Fplugin-transform-member-expression-literals-7.18.6.tgz#ac9fdc1a118620ac49b7e7a5d2dc177a1bfee88e"
    integrity sha1-rJ/cGhGGIKxJt+el0twXehv+6I4=
    dependencies:
      "@babel/helper-plugin-utils" "^7.18.6"
  
  "@babel/plugin-transform-modules-amd@^7.18.6":
    version "7.18.6"
    resolved "http://artifactory.intra.xiaojukeji.com/artifactory/api/npm/npm/@babel/plugin-transform-modules-amd/-/plugin-transform-modules-amd-7.18.6.tgz?dl=https%3A%2F%2Fregistry.npmmirror.com%2F%40babel%2Fplugin-transform-modules-amd%2F-%2Fplugin-transform-modules-amd-7.18.6.tgz#8c91f8c5115d2202f277549848874027d7172d21"
    integrity sha1-jJH4xRFdIgLyd1SYSIdAJ9cXLSE=
    dependencies:
      "@babel/helper-module-transforms" "^7.18.6"
      "@babel/helper-plugin-utils" "^7.18.6"
      babel-plugin-dynamic-import-node "^2.3.3"
  
  "@babel/plugin-transform-modules-commonjs@^7.18.6":
    version "7.18.6"
    resolved "http://artifactory.intra.xiaojukeji.com/artifactory/api/npm/npm/@babel/plugin-transform-modules-commonjs/-/plugin-transform-modules-commonjs-7.18.6.tgz?dl=https%3A%2F%2Fregistry.npmmirror.com%2F%40babel%2Fplugin-transform-modules-commonjs%2F-%2Fplugin-transform-modules-commonjs-7.18.6.tgz#afd243afba166cca69892e24a8fd8c9f2ca87883"
    integrity sha1-r9JDr7oWbMppiS4kqP2MnyyoeIM=
    dependencies:
      "@babel/helper-module-transforms" "^7.18.6"
      "@babel/helper-plugin-utils" "^7.18.6"
      "@babel/helper-simple-access" "^7.18.6"
      babel-plugin-dynamic-import-node "^2.3.3"
  
  "@babel/plugin-transform-modules-systemjs@^7.18.9":
    version "7.18.9"
    resolved "http://artifactory.intra.xiaojukeji.com/artifactory/api/npm/npm/@babel/plugin-transform-modules-systemjs/-/plugin-transform-modules-systemjs-7.18.9.tgz?dl=https%3A%2F%2Fregistry.npmmirror.com%2F%40babel%2Fplugin-transform-modules-systemjs%2F-%2Fplugin-transform-modules-systemjs-7.18.9.tgz#545df284a7ac6a05125e3e405e536c5853099a06"
    integrity sha1-VF3yhKesagUSXj5AXlNsWFMJmgY=
    dependencies:
      "@babel/helper-hoist-variables" "^7.18.6"
      "@babel/helper-module-transforms" "^7.18.9"
      "@babel/helper-plugin-utils" "^7.18.9"
      "@babel/helper-validator-identifier" "^7.18.6"
      babel-plugin-dynamic-import-node "^2.3.3"
  
  "@babel/plugin-transform-modules-umd@^7.18.6":
    version "7.18.6"
    resolved "http://artifactory.intra.xiaojukeji.com/artifactory/api/npm/npm/@babel/plugin-transform-modules-umd/-/plugin-transform-modules-umd-7.18.6.tgz?dl=https%3A%2F%2Fregistry.npmmirror.com%2F%40babel%2Fplugin-transform-modules-umd%2F-%2Fplugin-transform-modules-umd-7.18.6.tgz#81d3832d6034b75b54e62821ba58f28ed0aab4b9"
    integrity sha1-gdODLWA0t1tU5ighuljyjtCqtLk=
    dependencies:
      "@babel/helper-module-transforms" "^7.18.6"
      "@babel/helper-plugin-utils" "^7.18.6"
  
  "@babel/plugin-transform-named-capturing-groups-regex@^7.18.6":
    version "7.18.6"
    resolved "http://artifactory.intra.xiaojukeji.com/artifactory/api/npm/npm/@babel/plugin-transform-named-capturing-groups-regex/-/plugin-transform-named-capturing-groups-regex-7.18.6.tgz?dl=https%3A%2F%2Fregistry.npmmirror.com%2F%40babel%2Fplugin-transform-named-capturing-groups-regex%2F-%2Fplugin-transform-named-capturing-groups-regex-7.18.6.tgz#c89bfbc7cc6805d692f3a49bc5fc1b630007246d"
    integrity sha1-yJv7x8xoBdaS86SbxfwbYwAHJG0=
    dependencies:
      "@babel/helper-create-regexp-features-plugin" "^7.18.6"
      "@babel/helper-plugin-utils" "^7.18.6"
  
  "@babel/plugin-transform-new-target@^7.18.6":
    version "7.18.6"
    resolved "http://artifactory.intra.xiaojukeji.com/artifactory/api/npm/npm/@babel/plugin-transform-new-target/-/plugin-transform-new-target-7.18.6.tgz?dl=https%3A%2F%2Fregistry.npmmirror.com%2F%40babel%2Fplugin-transform-new-target%2F-%2Fplugin-transform-new-target-7.18.6.tgz#d128f376ae200477f37c4ddfcc722a8a1b3246a8"
    integrity sha1-0Sjzdq4gBHfzfE3fzHIqihsyRqg=
    dependencies:
      "@babel/helper-plugin-utils" "^7.18.6"
  
  "@babel/plugin-transform-object-super@^7.18.6":
    version "7.18.6"
    resolved "http://artifactory.intra.xiaojukeji.com/artifactory/api/npm/npm/@babel/plugin-transform-object-super/-/plugin-transform-object-super-7.18.6.tgz?dl=https%3A%2F%2Fregistry.npmmirror.com%2F%40babel%2Fplugin-transform-object-super%2F-%2Fplugin-transform-object-super-7.18.6.tgz#fb3c6ccdd15939b6ff7939944b51971ddc35912c"
    integrity sha1-+zxszdFZObb/eTmUS1GXHdw1kSw=
    dependencies:
      "@babel/helper-plugin-utils" "^7.18.6"
      "@babel/helper-replace-supers" "^7.18.6"
  
  "@babel/plugin-transform-parameters@^7.18.8":
    version "7.18.8"
    resolved "http://artifactory.intra.xiaojukeji.com/artifactory/api/npm/npm/@babel/plugin-transform-parameters/-/plugin-transform-parameters-7.18.8.tgz?dl=https%3A%2F%2Fregistry.npmmirror.com%2F%40babel%2Fplugin-transform-parameters%2F-%2Fplugin-transform-parameters-7.18.8.tgz#ee9f1a0ce6d78af58d0956a9378ea3427cccb48a"
    integrity sha1-7p8aDObXivWNCVapN46jQnzMtIo=
    dependencies:
      "@babel/helper-plugin-utils" "^7.18.6"
  
  "@babel/plugin-transform-property-literals@^7.18.6":
    version "7.18.6"
    resolved "http://artifactory.intra.xiaojukeji.com/artifactory/api/npm/npm/@babel/plugin-transform-property-literals/-/plugin-transform-property-literals-7.18.6.tgz?dl=https%3A%2F%2Fregistry.npmmirror.com%2F%40babel%2Fplugin-transform-property-literals%2F-%2Fplugin-transform-property-literals-7.18.6.tgz#e22498903a483448e94e032e9bbb9c5ccbfc93a3"
    integrity sha1-4iSYkDpINEjpTgMum7ucXMv8k6M=
    dependencies:
      "@babel/helper-plugin-utils" "^7.18.6"
  
  "@babel/plugin-transform-regenerator@^7.18.6":
    version "7.18.6"
    resolved "http://artifactory.intra.xiaojukeji.com/artifactory/api/npm/npm/@babel/plugin-transform-regenerator/-/plugin-transform-regenerator-7.18.6.tgz?dl=https%3A%2F%2Fregistry.npmmirror.com%2F%40babel%2Fplugin-transform-regenerator%2F-%2Fplugin-transform-regenerator-7.18.6.tgz#585c66cb84d4b4bf72519a34cfce761b8676ca73"
    integrity sha1-WFxmy4TUtL9yUZo0z852G4Z2ynM=
    dependencies:
      "@babel/helper-plugin-utils" "^7.18.6"
      regenerator-transform "^0.15.0"
  
  "@babel/plugin-transform-reserved-words@^7.18.6":
    version "7.18.6"
    resolved "http://artifactory.intra.xiaojukeji.com/artifactory/api/npm/npm/@babel/plugin-transform-reserved-words/-/plugin-transform-reserved-words-7.18.6.tgz?dl=https%3A%2F%2Fregistry.npmmirror.com%2F%40babel%2Fplugin-transform-reserved-words%2F-%2Fplugin-transform-reserved-words-7.18.6.tgz#b1abd8ebf8edaa5f7fe6bbb8d2133d23b6a6f76a"
    integrity sha1-savY6/jtql9/5ru40hM9I7am92o=
    dependencies:
      "@babel/helper-plugin-utils" "^7.18.6"
  
  "@babel/plugin-transform-shorthand-properties@^7.18.6":
    version "7.18.6"
    resolved "http://artifactory.intra.xiaojukeji.com/artifactory/api/npm/npm/@babel/plugin-transform-shorthand-properties/-/plugin-transform-shorthand-properties-7.18.6.tgz?dl=https%3A%2F%2Fregistry.npmmirror.com%2F%40babel%2Fplugin-transform-shorthand-properties%2F-%2Fplugin-transform-shorthand-properties-7.18.6.tgz#6d6df7983d67b195289be24909e3f12a8f664dc9"
    integrity sha1-bW33mD1nsZUom+JJCePxKo9mTck=
    dependencies:
      "@babel/helper-plugin-utils" "^7.18.6"
  
  "@babel/plugin-transform-spread@^7.18.9":
    version "7.18.9"
    resolved "http://artifactory.intra.xiaojukeji.com/artifactory/api/npm/npm/@babel/plugin-transform-spread/-/plugin-transform-spread-7.18.9.tgz?dl=https%3A%2F%2Fregistry.npmmirror.com%2F%40babel%2Fplugin-transform-spread%2F-%2Fplugin-transform-spread-7.18.9.tgz#6ea7a6297740f381c540ac56caf75b05b74fb664"
    integrity sha1-bqemKXdA84HFQKxWyvdbBbdPtmQ=
    dependencies:
      "@babel/helper-plugin-utils" "^7.18.9"
      "@babel/helper-skip-transparent-expression-wrappers" "^7.18.9"
  
  "@babel/plugin-transform-sticky-regex@^7.18.6":
    version "7.18.6"
    resolved "http://artifactory.intra.xiaojukeji.com/artifactory/api/npm/npm/@babel/plugin-transform-sticky-regex/-/plugin-transform-sticky-regex-7.18.6.tgz?dl=https%3A%2F%2Fregistry.npmmirror.com%2F%40babel%2Fplugin-transform-sticky-regex%2F-%2Fplugin-transform-sticky-regex-7.18.6.tgz#c6706eb2b1524028e317720339583ad0f444adcc"
    integrity sha1-xnBusrFSQCjjF3IDOVg60PRErcw=
    dependencies:
      "@babel/helper-plugin-utils" "^7.18.6"
  
  "@babel/plugin-transform-template-literals@^7.18.9":
    version "7.18.9"
    resolved "http://artifactory.intra.xiaojukeji.com/artifactory/api/npm/npm/@babel/plugin-transform-template-literals/-/plugin-transform-template-literals-7.18.9.tgz?dl=https%3A%2F%2Fregistry.npmmirror.com%2F%40babel%2Fplugin-transform-template-literals%2F-%2Fplugin-transform-template-literals-7.18.9.tgz#04ec6f10acdaa81846689d63fae117dd9c243a5e"
    integrity sha1-BOxvEKzaqBhGaJ1j+uEX3ZwkOl4=
    dependencies:
      "@babel/helper-plugin-utils" "^7.18.9"
  
  "@babel/plugin-transform-typeof-symbol@^7.18.9":
    version "7.18.9"
    resolved "http://artifactory.intra.xiaojukeji.com/artifactory/api/npm/npm/@babel/plugin-transform-typeof-symbol/-/plugin-transform-typeof-symbol-7.18.9.tgz?dl=https%3A%2F%2Fregistry.npmmirror.com%2F%40babel%2Fplugin-transform-typeof-symbol%2F-%2Fplugin-transform-typeof-symbol-7.18.9.tgz#c8cea68263e45addcd6afc9091429f80925762c0"
    integrity sha1-yM6mgmPkWt3NavyQkUKfgJJXYsA=
    dependencies:
      "@babel/helper-plugin-utils" "^7.18.9"
  
  "@babel/plugin-transform-unicode-escapes@^7.18.6":
    version "7.18.6"
    resolved "http://artifactory.intra.xiaojukeji.com/artifactory/api/npm/npm/@babel/plugin-transform-unicode-escapes/-/plugin-transform-unicode-escapes-7.18.6.tgz?dl=https%3A%2F%2Fregistry.npmmirror.com%2F%40babel%2Fplugin-transform-unicode-escapes%2F-%2Fplugin-transform-unicode-escapes-7.18.6.tgz#0d01fb7fb2243ae1c033f65f6e3b4be78db75f27"
    integrity sha1-DQH7f7IkOuHAM/ZfbjtL5423Xyc=
    dependencies:
      "@babel/helper-plugin-utils" "^7.18.6"
  
  "@babel/plugin-transform-unicode-regex@^7.18.6":
    version "7.18.6"
    resolved "http://artifactory.intra.xiaojukeji.com/artifactory/api/npm/npm/@babel/plugin-transform-unicode-regex/-/plugin-transform-unicode-regex-7.18.6.tgz?dl=https%3A%2F%2Fregistry.npmmirror.com%2F%40babel%2Fplugin-transform-unicode-regex%2F-%2Fplugin-transform-unicode-regex-7.18.6.tgz#194317225d8c201bbae103364ffe9e2cea36cdca"
    integrity sha1-GUMXIl2MIBu64QM2T/6eLOo2zco=
    dependencies:
      "@babel/helper-create-regexp-features-plugin" "^7.18.6"
      "@babel/helper-plugin-utils" "^7.18.6"
  
  "@babel/preset-env@^7.18.9":
    version "7.18.9"
    resolved "http://artifactory.intra.xiaojukeji.com/artifactory/api/npm/npm/@babel/preset-env/-/preset-env-7.18.9.tgz?dl=https%3A%2F%2Fregistry.npmmirror.com%2F%40babel%2Fpreset-env%2F-%2Fpreset-env-7.18.9.tgz#9b3425140d724fbe590322017466580844c7eaff"
    integrity sha1-mzQlFA1yT75ZAyIBdGZYCETH6v8=
    dependencies:
      "@babel/compat-data" "^7.18.8"
      "@babel/helper-compilation-targets" "^7.18.9"
      "@babel/helper-plugin-utils" "^7.18.9"
      "@babel/helper-validator-option" "^7.18.6"
      "@babel/plugin-bugfix-safari-id-destructuring-collision-in-function-expression" "^7.18.6"
      "@babel/plugin-bugfix-v8-spread-parameters-in-optional-chaining" "^7.18.9"
      "@babel/plugin-proposal-async-generator-functions" "^7.18.6"
      "@babel/plugin-proposal-class-properties" "^7.18.6"
      "@babel/plugin-proposal-class-static-block" "^7.18.6"
      "@babel/plugin-proposal-dynamic-import" "^7.18.6"
      "@babel/plugin-proposal-export-namespace-from" "^7.18.9"
      "@babel/plugin-proposal-json-strings" "^7.18.6"
      "@babel/plugin-proposal-logical-assignment-operators" "^7.18.9"
      "@babel/plugin-proposal-nullish-coalescing-operator" "^7.18.6"
      "@babel/plugin-proposal-numeric-separator" "^7.18.6"
      "@babel/plugin-proposal-object-rest-spread" "^7.18.9"
      "@babel/plugin-proposal-optional-catch-binding" "^7.18.6"
      "@babel/plugin-proposal-optional-chaining" "^7.18.9"
      "@babel/plugin-proposal-private-methods" "^7.18.6"
      "@babel/plugin-proposal-private-property-in-object" "^7.18.6"
      "@babel/plugin-proposal-unicode-property-regex" "^7.18.6"
      "@babel/plugin-syntax-async-generators" "^7.8.4"
      "@babel/plugin-syntax-class-properties" "^7.12.13"
      "@babel/plugin-syntax-class-static-block" "^7.14.5"
      "@babel/plugin-syntax-dynamic-import" "^7.8.3"
      "@babel/plugin-syntax-export-namespace-from" "^7.8.3"
      "@babel/plugin-syntax-import-assertions" "^7.18.6"
      "@babel/plugin-syntax-json-strings" "^7.8.3"
      "@babel/plugin-syntax-logical-assignment-operators" "^7.10.4"
      "@babel/plugin-syntax-nullish-coalescing-operator" "^7.8.3"
      "@babel/plugin-syntax-numeric-separator" "^7.10.4"
      "@babel/plugin-syntax-object-rest-spread" "^7.8.3"
      "@babel/plugin-syntax-optional-catch-binding" "^7.8.3"
      "@babel/plugin-syntax-optional-chaining" "^7.8.3"
      "@babel/plugin-syntax-private-property-in-object" "^7.14.5"
      "@babel/plugin-syntax-top-level-await" "^7.14.5"
      "@babel/plugin-transform-arrow-functions" "^7.18.6"
      "@babel/plugin-transform-async-to-generator" "^7.18.6"
      "@babel/plugin-transform-block-scoped-functions" "^7.18.6"
      "@babel/plugin-transform-block-scoping" "^7.18.9"
      "@babel/plugin-transform-classes" "^7.18.9"
      "@babel/plugin-transform-computed-properties" "^7.18.9"
      "@babel/plugin-transform-destructuring" "^7.18.9"
      "@babel/plugin-transform-dotall-regex" "^7.18.6"
      "@babel/plugin-transform-duplicate-keys" "^7.18.9"
      "@babel/plugin-transform-exponentiation-operator" "^7.18.6"
      "@babel/plugin-transform-for-of" "^7.18.8"
      "@babel/plugin-transform-function-name" "^7.18.9"
      "@babel/plugin-transform-literals" "^7.18.9"
      "@babel/plugin-transform-member-expression-literals" "^7.18.6"
      "@babel/plugin-transform-modules-amd" "^7.18.6"
      "@babel/plugin-transform-modules-commonjs" "^7.18.6"
      "@babel/plugin-transform-modules-systemjs" "^7.18.9"
      "@babel/plugin-transform-modules-umd" "^7.18.6"
      "@babel/plugin-transform-named-capturing-groups-regex" "^7.18.6"
      "@babel/plugin-transform-new-target" "^7.18.6"
      "@babel/plugin-transform-object-super" "^7.18.6"
      "@babel/plugin-transform-parameters" "^7.18.8"
      "@babel/plugin-transform-property-literals" "^7.18.6"
      "@babel/plugin-transform-regenerator" "^7.18.6"
      "@babel/plugin-transform-reserved-words" "^7.18.6"
      "@babel/plugin-transform-shorthand-properties" "^7.18.6"
      "@babel/plugin-transform-spread" "^7.18.9"
      "@babel/plugin-transform-sticky-regex" "^7.18.6"
      "@babel/plugin-transform-template-literals" "^7.18.9"
      "@babel/plugin-transform-typeof-symbol" "^7.18.9"
      "@babel/plugin-transform-unicode-escapes" "^7.18.6"
      "@babel/plugin-transform-unicode-regex" "^7.18.6"
      "@babel/preset-modules" "^0.1.5"
      "@babel/types" "^7.18.9"
      babel-plugin-polyfill-corejs2 "^0.3.1"
      babel-plugin-polyfill-corejs3 "^0.5.2"
      babel-plugin-polyfill-regenerator "^0.3.1"
      core-js-compat "^3.22.1"
      semver "^6.3.0"
  
  "@babel/preset-modules@^0.1.5":
    version "0.1.5"
    resolved "http://artifactory.intra.xiaojukeji.com/artifactory/api/npm/npm/@babel/preset-modules/-/preset-modules-0.1.5.tgz?dl=https%3A%2F%2Fregistry.npmmirror.com%2F%40babel%2Fpreset-modules%2F-%2Fpreset-modules-0.1.5.tgz#ef939d6e7f268827e1841638dc6ff95515e115d9"
    integrity sha1-75Odbn8miCfhhBY43G/5VRXhFdk=
    dependencies:
      "@babel/helper-plugin-utils" "^7.0.0"
      "@babel/plugin-proposal-unicode-property-regex" "^7.4.4"
      "@babel/plugin-transform-dotall-regex" "^7.4.4"
      "@babel/types" "^7.4.4"
      esutils "^2.0.2"
  
  "@babel/runtime@^7.8.4":
    version "7.18.9"
    resolved "http://artifactory.intra.xiaojukeji.com/artifactory/api/npm/npm/@babel/runtime/-/runtime-7.18.9.tgz?dl=https%3A%2F%2Fregistry.npmmirror.com%2F%40babel%2Fruntime%2F-%2Fruntime-7.18.9.tgz#b4fcfce55db3d2e5e080d2490f608a3b9f407f4a"
    integrity sha1-tPz85V2z0uXggNJJD2CKO59Af0o=
    dependencies:
      regenerator-runtime "^0.13.4"
  
  "@babel/template@^7.18.6":
    version "7.18.6"
    resolved "http://artifactory.intra.xiaojukeji.com/artifactory/api/npm/npm/@babel/template/-/template-7.18.6.tgz?dl=https%3A%2F%2Fregistry.npmmirror.com%2F%40babel%2Ftemplate%2F-%2Ftemplate-7.18.6.tgz#1283f4993e00b929d6e2d3c72fdc9168a2977a31"
    integrity sha1-EoP0mT4AuSnW4tPHL9yRaKKXejE=
    dependencies:
      "@babel/code-frame" "^7.18.6"
      "@babel/parser" "^7.18.6"
      "@babel/types" "^7.18.6"
  
  "@babel/traverse@^7.18.9":
    version "7.18.9"
    resolved "http://artifactory.intra.xiaojukeji.com/artifactory/api/npm/npm/@babel/traverse/-/traverse-7.18.9.tgz?dl=https%3A%2F%2Fregistry.npmmirror.com%2F%40babel%2Ftraverse%2F-%2Ftraverse-7.18.9.tgz#deeff3e8f1bad9786874cb2feda7a2d77a904f98"
    integrity sha1-3u/z6PG62XhodMsv7aei13qQT5g=
    dependencies:
      "@babel/code-frame" "^7.18.6"
      "@babel/generator" "^7.18.9"
      "@babel/helper-environment-visitor" "^7.18.9"
      "@babel/helper-function-name" "^7.18.9"
      "@babel/helper-hoist-variables" "^7.18.6"
      "@babel/helper-split-export-declaration" "^7.18.6"
      "@babel/parser" "^7.18.9"
      "@babel/types" "^7.18.9"
      debug "^4.1.0"
      globals "^11.1.0"
  
  "@babel/types@^7.18.6", "@babel/types@^7.18.9", "@babel/types@^7.4.4":
    version "7.18.9"
    resolved "http://artifactory.intra.xiaojukeji.com/artifactory/api/npm/npm/@babel/types/-/types-7.18.9.tgz?dl=https%3A%2F%2Fregistry.npmmirror.com%2F%40babel%2Ftypes%2F-%2Ftypes-7.18.9.tgz#7148d64ba133d8d73a41b3172ac4b83a1452205f"
    integrity sha1-cUjWS6Ez2Nc6QbMXKsS4OhRSIF8=
    dependencies:
      "@babel/helper-validator-identifier" "^7.18.6"
      to-fast-properties "^2.0.0"
  
  "@jridgewell/gen-mapping@^0.1.0":
    version "0.1.1"
    resolved "http://artifactory.intra.xiaojukeji.com/artifactory/api/npm/npm/@jridgewell/gen-mapping/-/gen-mapping-0.1.1.tgz?dl=https%3A%2F%2Fregistry.npmmirror.com%2F%40jridgewell%2Fgen-mapping%2F-%2Fgen-mapping-0.1.1.tgz#e5d2e450306a9491e3bd77e323e38d7aff315996"
    integrity sha1-5dLkUDBqlJHjvXfjI+ONev8xWZY=
    dependencies:
      "@jridgewell/set-array" "^1.0.0"
      "@jridgewell/sourcemap-codec" "^1.4.10"
  
  "@jridgewell/gen-mapping@^0.3.2":
    version "0.3.2"
    resolved "http://artifactory.intra.xiaojukeji.com/artifactory/api/npm/npm/@jridgewell/gen-mapping/-/gen-mapping-0.3.2.tgz?dl=https%3A%2F%2Fregistry.npmmirror.com%2F%40jridgewell%2Fgen-mapping%2F-%2Fgen-mapping-0.3.2.tgz#c1aedc61e853f2bb9f5dfe6d4442d3b565b253b9"
    integrity sha1-wa7cYehT8rufXf5tRELTtWWyU7k=
    dependencies:
      "@jridgewell/set-array" "^1.0.1"
      "@jridgewell/sourcemap-codec" "^1.4.10"
      "@jridgewell/trace-mapping" "^0.3.9"
  
  "@jridgewell/resolve-uri@^3.0.3":
    version "3.1.0"
    resolved "http://artifactory.intra.xiaojukeji.com/artifactory/api/npm/npm/@jridgewell/resolve-uri/-/resolve-uri-3.1.0.tgz?dl=https%3A%2F%2Fregistry.npmmirror.com%2F%40jridgewell%2Fresolve-uri%2F-%2Fresolve-uri-3.1.0.tgz#2203b118c157721addfe69d47b70465463066d78"
    integrity sha1-IgOxGMFXchrd/mnUe3BGVGMGbXg=
  
  "@jridgewell/set-array@^1.0.0", "@jridgewell/set-array@^1.0.1":
    version "1.1.2"
    resolved "http://artifactory.intra.xiaojukeji.com/artifactory/api/npm/npm/@jridgewell/set-array/-/set-array-1.1.2.tgz?dl=https%3A%2F%2Fregistry.npmmirror.com%2F%40jridgewell%2Fset-array%2F-%2Fset-array-1.1.2.tgz#7c6cf998d6d20b914c0a55a91ae928ff25965e72"
    integrity sha1-fGz5mNbSC5FMClWpGuko/yWWXnI=
  
  "@jridgewell/sourcemap-codec@^1.4.10":
    version "1.4.14"
    resolved "http://artifactory.intra.xiaojukeji.com/artifactory/api/npm/npm/@jridgewell/sourcemap-codec/-/sourcemap-codec-1.4.14.tgz?dl=https%3A%2F%2Fregistry.npmmirror.com%2F%40jridgewell%2Fsourcemap-codec%2F-%2Fsourcemap-codec-1.4.14.tgz#add4c98d341472a289190b424efbdb096991bb24"
    integrity sha1-rdTJjTQUcqKJGQtCTvvbCWmRuyQ=
  
  "@jridgewell/trace-mapping@^0.3.9":
    version "0.3.14"
    resolved "http://artifactory.intra.xiaojukeji.com/artifactory/api/npm/npm/@jridgewell/trace-mapping/-/trace-mapping-0.3.14.tgz?dl=https%3A%2F%2Fregistry.npmmirror.com%2F%40jridgewell%2Ftrace-mapping%2F-%2Ftrace-mapping-0.3.14.tgz#b231a081d8f66796e475ad588a1ef473112701ed"
    integrity sha1-sjGggdj2Z5bkda1Yih70cxEnAe0=
    dependencies:
      "@jridgewell/resolve-uri" "^3.0.3"
      "@jridgewell/sourcemap-codec" "^1.4.10"
  
  ansi-styles@^3.2.1:
    version "3.2.1"
    resolved "http://artifactory.intra.xiaojukeji.com/artifactory/api/npm/npm/ansi-styles/-/ansi-styles-3.2.1.tgz?dl=https%3A%2F%2Fregistry.npmmirror.com%2Fansi-styles%2F-%2Fansi-styles-3.2.1.tgz#41fbb20243e50b12be0f04b8dedbf07520ce841d"
    integrity sha1-QfuyAkPlCxK+DwS43tvwdSDOhB0=
    dependencies:
      color-convert "^1.9.0"
  
  babel-plugin-dynamic-import-node@^2.3.3:
    version "2.3.3"
    resolved "http://artifactory.intra.xiaojukeji.com/artifactory/api/npm/npm/babel-plugin-dynamic-import-node/-/babel-plugin-dynamic-import-node-2.3.3.tgz?dl=https%3A%2F%2Fregistry.npmmirror.com%2Fbabel-plugin-dynamic-import-node%2F-%2Fbabel-plugin-dynamic-import-node-2.3.3.tgz#84fda19c976ec5c6defef57f9427b3def66e17a3"
    integrity sha1-hP2hnJduxcbe/vV/lCez3vZuF6M=
    dependencies:
      object.assign "^4.1.0"
  
  babel-plugin-polyfill-corejs2@^0.3.1:
    version "0.3.2"
    resolved "http://artifactory.intra.xiaojukeji.com/artifactory/api/npm/npm/babel-plugin-polyfill-corejs2/-/babel-plugin-polyfill-corejs2-0.3.2.tgz?dl=https%3A%2F%2Fregistry.npmmirror.com%2Fbabel-plugin-polyfill-corejs2%2F-%2Fbabel-plugin-polyfill-corejs2-0.3.2.tgz#e4c31d4c89b56f3cf85b92558954c66b54bd972d"
    integrity sha1-5MMdTIm1bzz4W5JViVTGa1S9ly0=
    dependencies:
      "@babel/compat-data" "^7.17.7"
      "@babel/helper-define-polyfill-provider" "^0.3.2"
      semver "^6.1.1"
  
  babel-plugin-polyfill-corejs3@^0.5.2:
    version "0.5.3"
    resolved "http://artifactory.intra.xiaojukeji.com/artifactory/api/npm/npm/babel-plugin-polyfill-corejs3/-/babel-plugin-polyfill-corejs3-0.5.3.tgz?dl=https%3A%2F%2Fregistry.npmmirror.com%2Fbabel-plugin-polyfill-corejs3%2F-%2Fbabel-plugin-polyfill-corejs3-0.5.3.tgz#d7e09c9a899079d71a8b670c6181af56ec19c5c7"
    integrity sha1-1+CcmomQedcai2cMYYGvVuwZxcc=
    dependencies:
      "@babel/helper-define-polyfill-provider" "^0.3.2"
      core-js-compat "^3.21.0"
  
  babel-plugin-polyfill-regenerator@^0.3.1:
    version "0.3.1"
    resolved "http://artifactory.intra.xiaojukeji.com/artifactory/api/npm/npm/babel-plugin-polyfill-regenerator/-/babel-plugin-polyfill-regenerator-0.3.1.tgz?dl=https%3A%2F%2Fregistry.npmmirror.com%2Fbabel-plugin-polyfill-regenerator%2F-%2Fbabel-plugin-polyfill-regenerator-0.3.1.tgz#2c0678ea47c75c8cc2fbb1852278d8fb68233990"
    integrity sha1-LAZ46kfHXIzC+7GFInjY+2gjOZA=
    dependencies:
      "@babel/helper-define-polyfill-provider" "^0.3.1"
  
  browserslist@^4.20.2, browserslist@^4.21.2:
    version "4.21.3"
    resolved "http://artifactory.intra.xiaojukeji.com/artifactory/api/npm/npm/browserslist/-/browserslist-4.21.3.tgz?dl=https%3A%2F%2Fregistry.npmmirror.com%2Fbrowserslist%2F-%2Fbrowserslist-4.21.3.tgz#5df277694eb3c48bc5c4b05af3e8b7e09c5a6d1a"
    integrity sha1-XfJ3aU6zxIvFxLBa8+i34JxabRo=
    dependencies:
      caniuse-lite "^1.0.30001370"
      electron-to-chromium "^1.4.202"
      node-releases "^2.0.6"
      update-browserslist-db "^1.0.5"
  
  call-bind@^1.0.0:
    version "1.0.2"
    resolved "http://artifactory.intra.xiaojukeji.com/artifactory/api/npm/npm/call-bind/-/call-bind-1.0.2.tgz?dl=https%3A%2F%2Fregistry.npmmirror.com%2Fcall-bind%2F-%2Fcall-bind-1.0.2.tgz#b1d4e89e688119c3c9a903ad30abb2f6a919be3c"
    integrity sha1-sdTonmiBGcPJqQOtMKuy9qkZvjw=
    dependencies:
      function-bind "^1.1.1"
      get-intrinsic "^1.0.2"
  
  caniuse-lite@^1.0.30001370:
    version "1.0.30001373"
    resolved "http://artifactory.intra.xiaojukeji.com/artifactory/api/npm/npm/caniuse-lite/-/caniuse-lite-1.0.30001373.tgz?dl=https%3A%2F%2Fregistry.npmmirror.com%2Fcaniuse-lite%2F-%2Fcaniuse-lite-1.0.30001373.tgz#2dc3bc3bfcb5d5a929bec11300883040d7b4b4be"
    integrity sha1-LcO8O/y11akpvsETAIgwQNe0tL4=
  
  chalk@^2.0.0:
    version "2.4.2"
    resolved "http://artifactory.intra.xiaojukeji.com/artifactory/api/npm/npm/chalk/-/chalk-2.4.2.tgz?dl=https%3A%2F%2Fregistry.npmmirror.com%2Fchalk%2F-%2Fchalk-2.4.2.tgz#cd42541677a54333cf541a49108c1432b44c9424"
    integrity sha1-zUJUFnelQzPPVBpJEIwUMrRMlCQ=
    dependencies:
      ansi-styles "^3.2.1"
      escape-string-regexp "^1.0.5"
      supports-color "^5.3.0"
  
  color-convert@^1.9.0:
    version "1.9.3"
    resolved "http://artifactory.intra.xiaojukeji.com/artifactory/api/npm/npm/color-convert/-/color-convert-1.9.3.tgz?dl=https%3A%2F%2Fregistry.npmmirror.com%2Fcolor-convert%2F-%2Fcolor-convert-1.9.3.tgz#bb71850690e1f136567de629d2d5471deda4c1e8"
    integrity sha1-u3GFBpDh8TZWfeYp0tVHHe2kweg=
    dependencies:
      color-name "1.1.3"
  
  color-name@1.1.3:
    version "1.1.3"
    resolved "http://artifactory.intra.xiaojukeji.com/artifactory/api/npm/npm/color-name/-/color-name-1.1.3.tgz?dl=https%3A%2F%2Fregistry.npmmirror.com%2Fcolor-name%2F-%2Fcolor-name-1.1.3.tgz#a7d0558bd89c42f795dd42328f740831ca53bc25"
    integrity sha1-p9BVi9icQveV3UIyj3QIMcpTvCU=
  
  convert-source-map@^1.7.0:
    version "1.8.0"
    resolved "http://artifactory.intra.xiaojukeji.com/artifactory/api/npm/npm/convert-source-map/-/convert-source-map-1.8.0.tgz?dl=https%3A%2F%2Fregistry.npmmirror.com%2Fconvert-source-map%2F-%2Fconvert-source-map-1.8.0.tgz#f3373c32d21b4d780dd8004514684fb791ca4369"
    integrity sha1-8zc8MtIbTXgN2ABFFGhPt5HKQ2k=
    dependencies:
      safe-buffer "~5.1.1"
  
  core-js-compat@^3.21.0, core-js-compat@^3.22.1:
    version "3.24.0"
    resolved "http://artifactory.intra.xiaojukeji.com/artifactory/api/npm/npm/core-js-compat/-/core-js-compat-3.24.0.tgz?dl=https%3A%2F%2Fregistry.npmmirror.com%2Fcore-js-compat%2F-%2Fcore-js-compat-3.24.0.tgz#885958fac38bf3f4464a90f2663b4620f6aee6e3"
    integrity sha1-iFlY+sOL8/RGSpDyZjtGIPau5uM=
    dependencies:
      browserslist "^4.21.2"
      semver "7.0.0"
  
  debug@^4.1.0, debug@^4.1.1:
    version "4.3.4"
    resolved "http://artifactory.intra.xiaojukeji.com/artifactory/api/npm/npm/debug/-/debug-4.3.4.tgz?dl=https%3A%2F%2Fregistry.npmmirror.com%2Fdebug%2F-%2Fdebug-4.3.4.tgz#1319f6579357f2338d3337d2cdd4914bb5dcc865"
    integrity sha1-Exn2V5NX8jONMzfSzdSRS7XcyGU=
    dependencies:
      ms "2.1.2"
  
  define-properties@^1.1.3:
    version "1.1.4"
    resolved "http://artifactory.intra.xiaojukeji.com/artifactory/api/npm/npm/define-properties/-/define-properties-1.1.4.tgz?dl=https%3A%2F%2Fregistry.npmmirror.com%2Fdefine-properties%2F-%2Fdefine-properties-1.1.4.tgz#0b14d7bd7fbeb2f3572c3a7eda80ea5d57fb05b1"
    integrity sha1-CxTXvX++svNXLDp+2oDqXVf7BbE=
    dependencies:
      has-property-descriptors "^1.0.0"
      object-keys "^1.1.1"
  
  electron-to-chromium@^1.4.202:
    version "1.4.206"
    resolved "http://artifactory.intra.xiaojukeji.com/artifactory/api/npm/npm/electron-to-chromium/-/electron-to-chromium-1.4.206.tgz?dl=https%3A%2F%2Fregistry.npmmirror.com%2Felectron-to-chromium%2F-%2Felectron-to-chromium-1.4.206.tgz#580ff85b54d7ec0c05f20b1e37ea0becdd7b0ee4"
    integrity sha1-WA/4W1TX7AwF8gseN+oL7N17DuQ=
  
  escalade@^3.1.1:
    version "3.1.1"
    resolved "http://artifactory.intra.xiaojukeji.com/artifactory/api/npm/npm/escalade/-/escalade-3.1.1.tgz?dl=https%3A%2F%2Fregistry.npmmirror.com%2Fescalade%2F-%2Fescalade-3.1.1.tgz#d8cfdc7000965c5a0174b4a82eaa5c0552742e40"
    integrity sha1-2M/ccACWXFoBdLSoLqpcBVJ0LkA=
  
  escape-string-regexp@^1.0.5:
    version "1.0.5"
    resolved "http://artifactory.intra.xiaojukeji.com/artifactory/api/npm/npm/escape-string-regexp/-/escape-string-regexp-1.0.5.tgz?dl=https%3A%2F%2Fregistry.npmmirror.com%2Fescape-string-regexp%2F-%2Fescape-string-regexp-1.0.5.tgz#1b61c0562190a8dff6ae3bb2cf0200ca130b86d4"
    integrity sha1-G2HAViGQqN/2rjuyzwIAyhMLhtQ=
  
  esutils@^2.0.2:
    version "2.0.3"
    resolved "http://artifactory.intra.xiaojukeji.com/artifactory/api/npm/npm/esutils/-/esutils-2.0.3.tgz?dl=https%3A%2F%2Fregistry.npmmirror.com%2Fesutils%2F-%2Fesutils-2.0.3.tgz#74d2eb4de0b8da1293711910d50775b9b710ef64"
    integrity sha1-dNLrTeC42hKTcRkQ1Qd1ubcQ72Q=
  
  function-bind@^1.1.1:
    version "1.1.1"
    resolved "http://artifactory.intra.xiaojukeji.com/artifactory/api/npm/npm/function-bind/-/function-bind-1.1.1.tgz?dl=https%3A%2F%2Fregistry.npmmirror.com%2Ffunction-bind%2F-%2Ffunction-bind-1.1.1.tgz#a56899d3ea3c9bab874bb9773b7c5ede92f4895d"
    integrity sha1-pWiZ0+o8m6uHS7l3O3xe3pL0iV0=
  
  gensync@^1.0.0-beta.2:
    version "1.0.0-beta.2"
    resolved "http://artifactory.intra.xiaojukeji.com/artifactory/api/npm/npm/gensync/-/gensync-1.0.0-beta.2.tgz?dl=https%3A%2F%2Fregistry.npmmirror.com%2Fgensync%2F-%2Fgensync-1.0.0-beta.2.tgz#32a6ee76c3d7f52d46b2b1ae5d93fea8580a25e0"
    integrity sha1-MqbudsPX9S1GsrGuXZP+qFgKJeA=
  
  get-intrinsic@^1.0.2, get-intrinsic@^1.1.1:
    version "1.1.2"
    resolved "http://artifactory.intra.xiaojukeji.com/artifactory/api/npm/npm/get-intrinsic/-/get-intrinsic-1.1.2.tgz?dl=https%3A%2F%2Fregistry.npmmirror.com%2Fget-intrinsic%2F-%2Fget-intrinsic-1.1.2.tgz#336975123e05ad0b7ba41f152ee4aadbea6cf598"
    integrity sha1-M2l1Ej4FrQt7pB8VLuSq2+ps9Zg=
    dependencies:
      function-bind "^1.1.1"
      has "^1.0.3"
      has-symbols "^1.0.3"
  
  globals@^11.1.0:
    version "11.12.0"
    resolved "http://artifactory.intra.xiaojukeji.com/artifactory/api/npm/npm/globals/-/globals-11.12.0.tgz?dl=https%3A%2F%2Fregistry.npmmirror.com%2Fglobals%2F-%2Fglobals-11.12.0.tgz#ab8795338868a0babd8525758018c2a7eb95c42e"
    integrity sha1-q4eVM4hooLq9hSV1gBjCp+uVxC4=
  
  has-flag@^3.0.0:
    version "3.0.0"
    resolved "http://artifactory.intra.xiaojukeji.com/artifactory/api/npm/npm/has-flag/-/has-flag-3.0.0.tgz?dl=https%3A%2F%2Fregistry.npmmirror.com%2Fhas-flag%2F-%2Fhas-flag-3.0.0.tgz#b5d454dc2199ae225699f3467e5a07f3b955bafd"
    integrity sha1-tdRU3CGZriJWmfNGfloH87lVuv0=
  
  has-property-descriptors@^1.0.0:
    version "1.0.0"
    resolved "http://artifactory.intra.xiaojukeji.com/artifactory/api/npm/npm/has-property-descriptors/-/has-property-descriptors-1.0.0.tgz?dl=https%3A%2F%2Fregistry.npmmirror.com%2Fhas-property-descriptors%2F-%2Fhas-property-descriptors-1.0.0.tgz#610708600606d36961ed04c196193b6a607fa861"
    integrity sha1-YQcIYAYG02lh7QTBlhk7amB/qGE=
    dependencies:
      get-intrinsic "^1.1.1"
  
  has-symbols@^1.0.1, has-symbols@^1.0.3:
    version "1.0.3"
    resolved "http://artifactory.intra.xiaojukeji.com/artifactory/api/npm/npm/has-symbols/-/has-symbols-1.0.3.tgz?dl=https%3A%2F%2Fregistry.npmmirror.com%2Fhas-symbols%2F-%2Fhas-symbols-1.0.3.tgz#bb7b2c4349251dce87b125f7bdf874aa7c8b39f8"
    integrity sha1-u3ssQ0klHc6HsSX3vfh0qnyLOfg=
  
  has@^1.0.3:
    version "1.0.3"
    resolved "http://artifactory.intra.xiaojukeji.com/artifactory/api/npm/npm/has/-/has-1.0.3.tgz?dl=https%3A%2F%2Fregistry.npmmirror.com%2Fhas%2F-%2Fhas-1.0.3.tgz#722d7cbfc1f6aa8241f16dd814e011e1f41e8796"
    integrity sha1-ci18v8H2qoJB8W3YFOAR4fQeh5Y=
    dependencies:
      function-bind "^1.1.1"
  
  is-core-module@^2.9.0:
    version "2.9.0"
    resolved "http://artifactory.intra.xiaojukeji.com/artifactory/api/npm/npm/is-core-module/-/is-core-module-2.9.0.tgz?dl=https%3A%2F%2Fregistry.npmmirror.com%2Fis-core-module%2F-%2Fis-core-module-2.9.0.tgz#e1c34429cd51c6dd9e09e0799e396e27b19a9c69"
    integrity sha1-4cNEKc1Rxt2eCeB5njluJ7GanGk=
    dependencies:
      has "^1.0.3"
  
  js-tokens@^4.0.0:
    version "4.0.0"
    resolved "http://artifactory.intra.xiaojukeji.com/artifactory/api/npm/npm/js-tokens/-/js-tokens-4.0.0.tgz?dl=https%3A%2F%2Fregistry.npmmirror.com%2Fjs-tokens%2F-%2Fjs-tokens-4.0.0.tgz#19203fb59991df98e3a287050d4647cdeaf32499"
    integrity sha1-GSA/tZmR35jjoocFDUZHzerzJJk=
  
  jsesc@^2.5.1:
    version "2.5.2"
    resolved "http://artifactory.intra.xiaojukeji.com/artifactory/api/npm/npm/jsesc/-/jsesc-2.5.2.tgz?dl=https%3A%2F%2Fregistry.npmmirror.com%2Fjsesc%2F-%2Fjsesc-2.5.2.tgz#80564d2e483dacf6e8ef209650a67df3f0c283a4"
    integrity sha1-gFZNLkg9rPbo7yCWUKZ98/DCg6Q=
  
  jsesc@~0.5.0:
    version "0.5.0"
    resolved "http://artifactory.intra.xiaojukeji.com/artifactory/api/npm/npm/jsesc/-/jsesc-0.5.0.tgz?dl=https%3A%2F%2Fregistry.npmmirror.com%2Fjsesc%2F-%2Fjsesc-0.5.0.tgz#e7dee66e35d6fc16f710fe91d5cf69f70f08911d"
    integrity sha1-597mbjXW/Bb3EP6R1c9p9w8IkR0=
  
  json5@^2.2.1:
    version "2.2.1"
    resolved "http://artifactory.intra.xiaojukeji.com/artifactory/api/npm/npm/json5/-/json5-2.2.1.tgz?dl=https%3A%2F%2Fregistry.npmmirror.com%2Fjson5%2F-%2Fjson5-2.2.1.tgz#655d50ed1e6f95ad1a3caababd2b0efda10b395c"
    integrity sha1-ZV1Q7R5vla0aPKq6vSsO/aELOVw=
  
  lodash.debounce@^4.0.8:
    version "4.0.8"
    resolved "http://artifactory.intra.xiaojukeji.com/artifactory/api/npm/npm/lodash.debounce/-/lodash.debounce-4.0.8.tgz?dl=https%3A%2F%2Fregistry.npmmirror.com%2Flodash.debounce%2F-%2Flodash.debounce-4.0.8.tgz#82d79bff30a67c4005ffd5e2515300ad9ca4d7af"
    integrity sha1-gteb/zCmfEAF/9XiUVMArZyk168=
  
  ms@2.1.2:
    version "2.1.2"
    resolved "http://artifactory.intra.xiaojukeji.com/artifactory/api/npm/npm/ms/-/ms-2.1.2.tgz?dl=https%3A%2F%2Fregistry.npmmirror.com%2Fms%2F-%2Fms-2.1.2.tgz#d09d1f357b443f493382a8eb3ccd183872ae6009"
    integrity sha1-0J0fNXtEP0kzgqjrPM0YOHKuYAk=
  
  node-releases@^2.0.6:
    version "2.0.6"
    resolved "http://artifactory.intra.xiaojukeji.com/artifactory/api/npm/npm/node-releases/-/node-releases-2.0.6.tgz?dl=https%3A%2F%2Fregistry.npmmirror.com%2Fnode-releases%2F-%2Fnode-releases-2.0.6.tgz#8a7088c63a55e493845683ebf3c828d8c51c5503"
    integrity sha1-inCIxjpV5JOEVoPr88go2MUcVQM=
  
  object-keys@^1.1.1:
    version "1.1.1"
    resolved "http://artifactory.intra.xiaojukeji.com/artifactory/api/npm/npm/object-keys/-/object-keys-1.1.1.tgz?dl=https%3A%2F%2Fregistry.npmmirror.com%2Fobject-keys%2F-%2Fobject-keys-1.1.1.tgz#1c47f272df277f3b1daf061677d9c82e2322c60e"
    integrity sha1-HEfyct8nfzsdrwYWd9nILiMixg4=
  
  object.assign@^4.1.0:
    version "4.1.2"
    resolved "http://artifactory.intra.xiaojukeji.com/artifactory/api/npm/npm/object.assign/-/object.assign-4.1.2.tgz?dl=https%3A%2F%2Fregistry.npmmirror.com%2Fobject.assign%2F-%2Fobject.assign-4.1.2.tgz#0ed54a342eceb37b38ff76eb831a0e788cb63940"
    integrity sha1-DtVKNC7Os3s4/3brgxoOeIy2OUA=
    dependencies:
      call-bind "^1.0.0"
      define-properties "^1.1.3"
      has-symbols "^1.0.1"
      object-keys "^1.1.1"
  
  path-parse@^1.0.7:
    version "1.0.7"
    resolved "http://artifactory.intra.xiaojukeji.com/artifactory/api/npm/npm/path-parse/-/path-parse-1.0.7.tgz?dl=https%3A%2F%2Fregistry.npmmirror.com%2Fpath-parse%2F-%2Fpath-parse-1.0.7.tgz#fbc114b60ca42b30d9daf5858e4bd68bbedb6735"
    integrity sha1-+8EUtgykKzDZ2vWFjkvWi77bZzU=
  
  picocolors@^1.0.0:
    version "1.0.0"
    resolved "http://artifactory.intra.xiaojukeji.com/artifactory/api/npm/npm/picocolors/-/picocolors-1.0.0.tgz?dl=https%3A%2F%2Fregistry.npmmirror.com%2Fpicocolors%2F-%2Fpicocolors-1.0.0.tgz#cb5bdc74ff3f51892236eaf79d68bc44564ab81c"
    integrity sha1-y1vcdP8/UYkiNur3nWi8RFZKuBw=
  
  regenerate-unicode-properties@^10.0.1:
    version "10.0.1"
    resolved "http://artifactory.intra.xiaojukeji.com/artifactory/api/npm/npm/regenerate-unicode-properties/-/regenerate-unicode-properties-10.0.1.tgz?dl=https%3A%2F%2Fregistry.npmmirror.com%2Fregenerate-unicode-properties%2F-%2Fregenerate-unicode-properties-10.0.1.tgz#7f442732aa7934a3740c779bb9b3340dccc1fb56"
    integrity sha1-f0QnMqp5NKN0DHebubM0DczB+1Y=
    dependencies:
      regenerate "^1.4.2"
  
  regenerate@^1.4.2:
    version "1.4.2"
    resolved "http://artifactory.intra.xiaojukeji.com/artifactory/api/npm/npm/regenerate/-/regenerate-1.4.2.tgz?dl=https%3A%2F%2Fregistry.npmmirror.com%2Fregenerate%2F-%2Fregenerate-1.4.2.tgz#b9346d8827e8f5a32f7ba29637d398b69014848a"
    integrity sha1-uTRtiCfo9aMve6KWN9OYtpAUhIo=
  
  regenerator-runtime@^0.13.4:
    version "0.13.9"
    resolved "http://artifactory.intra.xiaojukeji.com/artifactory/api/npm/npm/regenerator-runtime/-/regenerator-runtime-0.13.9.tgz?dl=https%3A%2F%2Fregistry.npmmirror.com%2Fregenerator-runtime%2F-%2Fregenerator-runtime-0.13.9.tgz#8925742a98ffd90814988d7566ad30ca3b263b52"
    integrity sha1-iSV0Kpj/2QgUmI11Zq0wyjsmO1I=
  
  regenerator-transform@^0.15.0:
    version "0.15.0"
    resolved "http://artifactory.intra.xiaojukeji.com/artifactory/api/npm/npm/regenerator-transform/-/regenerator-transform-0.15.0.tgz?dl=https%3A%2F%2Fregistry.npmmirror.com%2Fregenerator-transform%2F-%2Fregenerator-transform-0.15.0.tgz#cbd9ead5d77fae1a48d957cf889ad0586adb6537"
    integrity sha1-y9nq1dd/rhpI2VfPiJrQWGrbZTc=
    dependencies:
      "@babel/runtime" "^7.8.4"
  
  regexpu-core@^5.1.0:
    version "5.1.0"
    resolved "http://artifactory.intra.xiaojukeji.com/artifactory/api/npm/npm/regexpu-core/-/regexpu-core-5.1.0.tgz?dl=https%3A%2F%2Fregistry.npmmirror.com%2Fregexpu-core%2F-%2Fregexpu-core-5.1.0.tgz#2f8504c3fd0ebe11215783a41541e21c79942c6d"
    integrity sha1-L4UEw/0OvhEhV4OkFUHiHHmULG0=
    dependencies:
      regenerate "^1.4.2"
      regenerate-unicode-properties "^10.0.1"
      regjsgen "^0.6.0"
      regjsparser "^0.8.2"
      unicode-match-property-ecmascript "^2.0.0"
      unicode-match-property-value-ecmascript "^2.0.0"
  
  regjsgen@^0.6.0:
    version "0.6.0"
    resolved "http://artifactory.intra.xiaojukeji.com/artifactory/api/npm/npm/regjsgen/-/regjsgen-0.6.0.tgz?dl=https%3A%2F%2Fregistry.npmmirror.com%2Fregjsgen%2F-%2Fregjsgen-0.6.0.tgz#83414c5354afd7d6627b16af5f10f41c4e71808d"
    integrity sha1-g0FMU1Sv19ZiexavXxD0HE5xgI0=
  
  regjsparser@^0.8.2:
    version "0.8.4"
    resolved "http://artifactory.intra.xiaojukeji.com/artifactory/api/npm/npm/regjsparser/-/regjsparser-0.8.4.tgz?dl=https%3A%2F%2Fregistry.npmmirror.com%2Fregjsparser%2F-%2Fregjsparser-0.8.4.tgz#8a14285ffcc5de78c5b95d62bbf413b6bc132d5f"
    integrity sha1-ihQoX/zF3njFuV1iu/QTtrwTLV8=
    dependencies:
      jsesc "~0.5.0"
  
  resolve@^1.14.2:
    version "1.22.1"
    resolved "http://artifactory.intra.xiaojukeji.com/artifactory/api/npm/npm/resolve/-/resolve-1.22.1.tgz?dl=https%3A%2F%2Fregistry.npmmirror.com%2Fresolve%2F-%2Fresolve-1.22.1.tgz#27cb2ebb53f91abb49470a928bba7558066ac177"
    integrity sha1-J8suu1P5GrtJRwqSi7p1WAZqwXc=
    dependencies:
      is-core-module "^2.9.0"
      path-parse "^1.0.7"
      supports-preserve-symlinks-flag "^1.0.0"
  
  safe-buffer@~5.1.1:
    version "5.1.2"
    resolved "http://artifactory.intra.xiaojukeji.com/artifactory/api/npm/npm/safe-buffer/-/safe-buffer-5.1.2.tgz?dl=https%3A%2F%2Fregistry.npmmirror.com%2Fsafe-buffer%2F-%2Fsafe-buffer-5.1.2.tgz#991ec69d296e0313747d59bdfd2b745c35f8828d"
    integrity sha1-mR7GnSluAxN0fVm9/St0XDX4go0=
  
  semver@7.0.0:
    version "7.0.0"
    resolved "http://artifactory.intra.xiaojukeji.com/artifactory/api/npm/npm/semver/-/semver-7.0.0.tgz?dl=https%3A%2F%2Fregistry.npmmirror.com%2Fsemver%2F-%2Fsemver-7.0.0.tgz#5f3ca35761e47e05b206c6daff2cf814f0316b8e"
    integrity sha1-XzyjV2HkfgWyBsba/yz4FPAxa44=
  
  semver@^6.1.1, semver@^6.1.2, semver@^6.3.0:
    version "6.3.0"
    resolved "http://artifactory.intra.xiaojukeji.com/artifactory/api/npm/npm/semver/-/semver-6.3.0.tgz?dl=https%3A%2F%2Fregistry.npmmirror.com%2Fsemver%2F-%2Fsemver-6.3.0.tgz#ee0a64c8af5e8ceea67687b133761e1becbd1d3d"
    integrity sha1-7gpkyK9ejO6mdoexM3YeG+y9HT0=
  
  supports-color@^5.3.0:
    version "5.5.0"
    resolved "http://artifactory.intra.xiaojukeji.com/artifactory/api/npm/npm/supports-color/-/supports-color-5.5.0.tgz?dl=https%3A%2F%2Fregistry.npmmirror.com%2Fsupports-color%2F-%2Fsupports-color-5.5.0.tgz#e2e69a44ac8772f78a1ec0b35b689df6530efc8f"
    integrity sha1-4uaaRKyHcveKHsCzW2id9lMO/I8=
    dependencies:
      has-flag "^3.0.0"
  
  supports-preserve-symlinks-flag@^1.0.0:
    version "1.0.0"
    resolved "http://artifactory.intra.xiaojukeji.com/artifactory/api/npm/npm/supports-preserve-symlinks-flag/-/supports-preserve-symlinks-flag-1.0.0.tgz?dl=https%3A%2F%2Fregistry.npmmirror.com%2Fsupports-preserve-symlinks-flag%2F-%2Fsupports-preserve-symlinks-flag-1.0.0.tgz#6eda4bd344a3c94aea376d4cc31bc77311039e09"
    integrity sha1-btpL00SjyUrqN21MwxvHcxEDngk=
  
  to-fast-properties@^2.0.0:
    version "2.0.0"
    resolved "http://artifactory.intra.xiaojukeji.com/artifactory/api/npm/npm/to-fast-properties/-/to-fast-properties-2.0.0.tgz?dl=https%3A%2F%2Fregistry.npmmirror.com%2Fto-fast-properties%2F-%2Fto-fast-properties-2.0.0.tgz#dc5e698cbd079265bc73e0377681a4e4e83f616e"
    integrity sha1-3F5pjL0HkmW8c+A3doGk5Og/YW4=
  
  unicode-canonical-property-names-ecmascript@^2.0.0:
    version "2.0.0"
    resolved "http://artifactory.intra.xiaojukeji.com/artifactory/api/npm/npm/unicode-canonical-property-names-ecmascript/-/unicode-canonical-property-names-ecmascript-2.0.0.tgz?dl=https%3A%2F%2Fregistry.npmmirror.com%2Funicode-canonical-property-names-ecmascript%2F-%2Funicode-canonical-property-names-ecmascript-2.0.0.tgz#301acdc525631670d39f6146e0e77ff6bbdebddc"
    integrity sha1-MBrNxSVjFnDTn2FG4Od/9rvevdw=
  
  unicode-match-property-ecmascript@^2.0.0:
    version "2.0.0"
    resolved "http://artifactory.intra.xiaojukeji.com/artifactory/api/npm/npm/unicode-match-property-ecmascript/-/unicode-match-property-ecmascript-2.0.0.tgz?dl=https%3A%2F%2Fregistry.npmmirror.com%2Funicode-match-property-ecmascript%2F-%2Funicode-match-property-ecmascript-2.0.0.tgz#54fd16e0ecb167cf04cf1f756bdcc92eba7976c3"
    integrity sha1-VP0W4OyxZ88Ezx91a9zJLrp5dsM=
    dependencies:
      unicode-canonical-property-names-ecmascript "^2.0.0"
      unicode-property-aliases-ecmascript "^2.0.0"
  
  unicode-match-property-value-ecmascript@^2.0.0:
    version "2.0.0"
    resolved "http://artifactory.intra.xiaojukeji.com/artifactory/api/npm/npm/unicode-match-property-value-ecmascript/-/unicode-match-property-value-ecmascript-2.0.0.tgz?dl=https%3A%2F%2Fregistry.npmmirror.com%2Funicode-match-property-value-ecmascript%2F-%2Funicode-match-property-value-ecmascript-2.0.0.tgz#1a01aa57247c14c568b89775a54938788189a714"
    integrity sha1-GgGqVyR8FMVouJd1pUk4eIGJpxQ=
  
  unicode-property-aliases-ecmascript@^2.0.0:
    version "2.0.0"
    resolved "http://artifactory.intra.xiaojukeji.com/artifactory/api/npm/npm/unicode-property-aliases-ecmascript/-/unicode-property-aliases-ecmascript-2.0.0.tgz?dl=https%3A%2F%2Fregistry.npmmirror.com%2Funicode-property-aliases-ecmascript%2F-%2Funicode-property-aliases-ecmascript-2.0.0.tgz#0a36cb9a585c4f6abd51ad1deddb285c165297c8"
    integrity sha1-CjbLmlhcT2q9Ua0d7dsoXBZSl8g=
  
  update-browserslist-db@^1.0.5:
    version "1.0.5"
    resolved "http://artifactory.intra.xiaojukeji.com/artifactory/api/npm/npm/update-browserslist-db/-/update-browserslist-db-1.0.5.tgz?dl=https%3A%2F%2Fregistry.npmmirror.com%2Fupdate-browserslist-db%2F-%2Fupdate-browserslist-db-1.0.5.tgz#be06a5eedd62f107b7c19eb5bcefb194411abf38"
    integrity sha1-vgal7t1i8Qe3wZ61vO+xlEEavzg=
    dependencies:
      escalade "^3.1.1"
      picocolors "^1.0.0"
